48,75 49,75 50,76 51,77 51,78 51,79 51,80 51,81 51,82 51,83 51,84 51,85 51,86 51,87 51,88 51,89 51,90 50,91 49,92 48,93 47,94 46,95 45,96 44,97 43,98 42,98 41,98 40,98 39,98 38,98 37,97 36,96 35,96 34,97 33,96 32,95 31,94 30,93 29,92 28,91 27,90 26,89 26,88 27,87 28,86 29,85 30,85 31,85 32,85 33,84 34,83 35,82 36,81 37,80 38,79 39,78 40,78 41,78 42,77 43,77 44,77 45,77 46,76 47,76
83,90 84,90 85,90 86,90 87,90 88,90 89,90 90,90 91,90 92,90 93,90 94,90 95,91 96,92 97,93 98,94 99,95 99,96 99,97 99,98 98,99 97,99 96,99 95,99 94,99 93,99 92,99 91,99 90,99 89,99 88,99 87,99 86,99 85,99 84,99 83,99 82,99 81,99 80,99 79,98 78,97 77,96 76,95 75,94 75,93 75,92 76,91 77,91 78,91 79,91 80,91 81,90 82,90
71,55 72,56 73,57 73,58 73,59 73,60 73,61 72,62 71,63 70,63 69,62 68,61 68,60 68,59 68,58 67,57 68,56 69,55 70,55
12,54 13,54 14,55 15,56 16,57 17,58 18,59 19,60 20,61 21,62 21,63 22,64 22,65 21,66 20,66 19,66 18,66 17,66 16,67 15,68 14,68 13,68 12,68 11,68 10,67 9,66 9,65 9,64 9,63 9,62 9,61 9,60 9,59 8,58 7,57 7,56 8,55 9,54 10,54 11,54
46,51 47,52 46,53 45,52
61,36 62,37 63,38 64,39 65,40 66,41 66,42 66,43 66,44 65,45 64,45 63,45 62,45 61,45 60,45 59,44 58,43 57,42 56,41 56,40 56,39 56,38 57,37 58,36 59,36 60,36
2,47 3,47 4,48 5,49 5,50 5,51 5,52 6,53 5,54 4,55 3,55 2,54 1,53 1,52 0,51 0,50 0,49 0,48 1,47
43,17 44,17 45,17 46,17 47,18 47,19 47,20 47,21 47,22 47,23 47,24 47,25 48,26 48,27 48,28 48,29 47,30 46,31 45,31 44,31 43,31 42,31 41,31 40,31 39,31 38,32 37,32 36,31 36,30 36,29 36,28 36,27 36,26 36,25 36,24 37,23 38,22 39,21 40,20 41,19 42,18
36,18 37,19 36,20 35,19
74,74 75,75 74,76 73,75
98,55 99,56 99,57 99,58 99,59 99,60 98,61 97,61 96,61 95,61 94,61 93,61 92,61 91,60 90,60 89,59 88,58 88,57 88,56 89,55 90,55 91,55 92,55 93,55 94,55 95,55 96,55 97,55
31,61 32,61 33,61 34,62 35,62 36,62 37,62 38,63 39,64 40,65 41,66 42,67 43,68 44,69 43,70 42,71 41,72 40,73 39,74 38,75 37,76 36,77 35,78 34,79 33,78 32,77 31,76 31,75 31,74 31,73 31,72 31,71 30,70 29,69 28,68 27,67 26,66 26,65 26,64 27,63 28,62 29,61 30,61
95,11 96,12 96,13 97,14 98,15 99,16 99,17 99,18 99,19 99,20 98,21 97,22 96,22 95,21 94,20 94,19 93,18 93,17 92,16 92,15 92,14 92,13 93,12 94,12
43,37 44,37 45,37 46,37 47,37 48,37 49,37 50,38 51,39 52,40 53,41 54,42 54,43 54,44 54,45 54,46 54,47 54,48 55,49 56,50 57,51 57,52 57,53 58,54 59,55 60,56 61,57 61,58 61,59 60,60 59,61 58,61 57,62 56,63 55,62 54,61 54,60 54,59 54,58 53,57 52,56 51,55 51,54 50,53 49,52 48,51 47,50 46,49 45,48 44,47 43,46 42,45 42,44 41,43 40,42 39,41 39,40 39,39 39,38 40,37 41,37 42,37
64,65 65,65 66,66 67,67 68,68 69,69 70,70 71,71 72,72 72,73 73,74 73,75 73,76 73,77 72,78 71,79 70,80 69,81 68,82 67,82 66,81 66,80 65,79 64,78 63,77 62,76 61,75 60,74 59,73 59,72 58,71 59,70 60,69 61,68 62,67 63,66
2,2 3,2 4,3 5,4 6,5 7,6 8,7 9,8 10,9 11,10 11,11 11,12 11,13 11,14 11,15 11,16 11,17 11,18 11,19 11,20 11,21 11,22 11,23 10,24 9,25 8,26 8,27 7,28 6,29 5,28 5,27 5,26 5,25 5,24 5,23 4,22 3,21 2,20 1,19 0,18 0,17 0,16 0,15 0,14 0,13 0,12 0,11 0,10 0,9 0,8 0,7 0,6 0,5 0,4 0,3 1,2
4,87 5,87 6,87 7,87 8,87 9,87 10,87 11,87 12,87 13,87 14,88 15,89 16,90 17,91 18,92 19,93 20,94 21,95 22,96 23,97 23,98 22,99 21,99 20,99 19,99 18,99 17,99 16,99 15,99 14,99 13,99 12,99 11,99 10,99 9,99 8,98 8,97 8,96 8,95 7,94 6,93 5,92 4,91 3,90 3,89 3,88
75,39 76,40 77,41 78,42 79,43 80,44 81,45 82,46 83,47 84,48 85,49 86,50 86,51 86,52 86,53 86,54 86,55 85,56 84,57 83,57 82,57 81,57 80,57 79,57 78,57 77,57 76,56 75,55 74,54 73,53 72,52 71,51 70,50 69,49 68,49 67,48 67,47 67,46 68,45 69,44 70,43 71,42 72,41 73,40 74,39
61,21 62,22 61,23 60,22
85,35 86,36 86,37 86,38 87,39 86,40 85,41 84,40 84,39 84,38 84,37 84,36
53,8 54,9 53,10 52,9
34,47 35,47 36,47 37,48 38,49 39,50 40,51 41,52 42,53 42,54 43,55 43,56 42,57 41,58 40,58 39,58 38,58 37,58 36,57 35,56 35,55 34,54 33,53 32,52 31,51 30,50 30,49 31,48 32,47 33,47
75,24 76,24 77,24 78,24 79,25 80,26 81,27 82,28 83,29 84,30 85,31 85,32 85,33 84,34 83,35 82,35 81,35 80,35 79,35 78,35 77,35 76,35 75,36 74,36 73,36 72,35 72,34 72,33 72,32 72,31 72,30 71,29 71,28 70,27 71,26 72,25 73,25 74,25
84,4 85,5 86,5 87,5 88,5 89,6 89,7 89,8 89,9 89,10 88,11 87,12 86,12 85,12 84,13 83,14 82,15 81,15 80,14 80,13 80,12 80,11 80,10 80,9 80,8 81,7 82,6 83,5
20,0 21,0 22,0 23,0 24,0 25,0 26,1 26,2 25,3 24,3 23,4 22,4 21,4 20,4 19,3 18,2 17,1 18,0 19,0
57,6 58,6 59,7 60,8 61,9 62,10 63,11 64,12 64,13 64,14 64,15 64,16 64,17 64,18 63,19 62,20 61,21 60,22 59,23 58,23 57,22 56,21 56,20 55,19 55,18 55,17 55,16 55,15 55,14 55,13 55,12 55,11 55,10 54,9 54,8 55,7 56,6
94,51 95,52 94,53 93,52
2,58 3,59 2,60 1,59
71,0 72,0 73,1 72,2 71,3 70,2 69,1 70,0
50,58 51,59 50,60 49,59
5,31 6,32 5,33 4,32
56,91 57,92 56,93 55,92
46,11 47,11 48,12 47,13 46,13 45,12
55,87 56,87 57,88 57,89 56,90 55,91 54,92 53,93 52,92 52,91 51,90 51,89 51,88 52,87 53,87 54,87
69,83 70,84 71,85 72,86 72,87 71,88 70,89 69,89 68,89 67,89 66,89 65,89 64,89 63,89 62,90 61,90 60,90 59,90 58,89 57,88 56,87 57,86 58,85 59,84 60,84 61,84 62,84 63,84 64,84 65,84 66,84 67,83 68,83
56,95 57,95 58,96 59,97 60,98 59,99 58,99 57,99 56,99 55,99 54,98 54,97 55,96
11,46 12,46 13,46 14,46 15,46 16,46 17,46 18,46 19,46 20,46 21,46 22,47 23,48 23,49 23,50 23,51 23,52 23,53 23,54 23,55 22,56 21,57 20,57 19,57 18,57 17,57 16,57 15,56 14,55 13,54 12,53 12,52 11,51 11,50 10,49 10,48 10,47
83,59 84,59 85,60 86,61 87,62 87,63 87,64 87,65 88,66 89,67 90,68 91,69 92,70 93,71 94,72 95,73 96,74 96,75 95,76 94,77 93,78 92,78 91,78 90,78 89,78 88,78 87,78 86,78 85,78 84,77 83,76 82,75 81,74 80,73 79,72 78,71 77,70 76,69 76,68 76,67 76,66 77,65 78,64 79,63 80,62 81,61 82,60
27,8 28,8 29,8 30,8 31,8 32,9 32,10 32,11 32,12 32,13 31,14 30,15 29,15 28,16 27,17 26,18 25,19 24,19 23,18 22,17 21,16 21,15 22,14 23,13 23,12 24,11 25,10 26,9
71,13 72,13 73,13 74,14 75,15 75,16 75,17 75,18 74,19 73,20 72,20 71,20 70,20 69,19 68,18 68,17 68,16 68,15 69,14 70,13
30,0 31,0 32,0 33,0 34,1 34,2 34,3 33,4 32,4 31,5 30,5 29,5 28,4 27,3 27,2 28,1 29,1
18,31 19,31 20,31 21,32 22,33 23,34 22,35 21,35 20,36 19,35 18,34 17,33 16,32 17,31
67,23 68,24 67,25 66,24
37,80 38,81 37,82 36,81
26,34 27,34 28,35 28,36 29,37 30,38 30,39 30,40 29,41 28,42 27,42 26,42 25,42 24,42 23,42 22,41 21,40 21,39 20,38 20,37 20,36 21,35 22,35 23,35 24,35 25,35
88,78 89,79 88,80 87,79
36,96 37,97 38,98 37,99 36,99 35,99 34,99 33,99 32,99 31,99 30,98 31,97 32,96 33,96 34,97 35,97
19,7 20,8 20,9 20,10 20,11 19,12 18,13 17,12 16,11 16,10 16,9 16,8 17,7 18,7
14,31 15,31 16,32 15,33 14,33 13,32
49,21 50,22 49,23 48,22
