115,233 116,234 116,235 115,236 114,235 114,234
47,128 48,129 49,130 50,131 51,132 52,133 52,134 52,135 52,136 52,137 51,138 50,139 49,139 48,139 47,138 46,137 45,136 45,135 45,134 45,133 45,132 45,131 45,130 46,129
219,5 220,5 221,5 222,5 223,5 224,6 225,6 226,6 227,6 228,6 229,6 230,7 230,8 230,9 230,10 229,11 228,12 227,12 226,13 225,13 224,13 223,13 222,13 221,13 220,12 219,11 218,10 217,9 217,8 216,7 216,6 217,5 218,5
84,127 85,128 86,129 86,130 86,131 86,132 86,133 86,134 87,135 88,136 89,137 89,138 89,139 88,140 87,141 86,142 85,143 84,144 83,145 82,145 81,146 80,146 79,147 78,147 77,148 76,148 75,149 74,150 73,151 72,152 71,153 70,152 69,151 68,150 68,149 68,148 68,147 68,146 68,145 68,144 67,143 66,142 65,141 64,140 63,139 63,138 64,137 65,136 66,135 67,134 68,133 69,132 70,131 71,131 72,130 73,130 74,130 75,130 76,130 77,130 78,130 79,130 80,130 81,129 82,128 83,127
219,66 220,66 221,67 222,68 223,69 224,70 224,71 223,72 222,73 221,74 220,74 219,74 218,74 217,74 216,75 215,76 214,76 213,77 212,76 211,75 210,74 210,73 210,72 211,71 212,71 213,71 214,70 215,69 216,68 217,67 218,66
121,26 122,27 121,28 120,27
76,89 77,90 78,91 78,92 78,93 78,94 79,95 79,96 79,97 79,98 79,99 79,100 79,101 79,102 79,103 80,104 81,105 82,106 82,107 81,108 80,109 79,109 78,109 77,109 76,109 75,109 74,109 73,109 72,109 71,109 70,109 69,110 68,111 67,112 66,113 65,112 65,111 64,110 63,109 63,108 63,107 63,106 63,105 63,104 64,103 64,102 64,101 64,100 65,99 66,98 67,97 68,96 69,95 69,94 70,93 71,92 72,91 73,90 74,89 75,89
77,241 78,241 79,242 79,243 80,244 81,245 81,246 81,247 81,248 80,249 79,249 78,249 77,249 76,249 75,249 74,249 73,249 72,249 71,248 71,247 71,246 71,245 72,244 73,243 74,242 75,241 76,241
234,141 235,141 236,142 237,143 238,144 238,145 239,146 239,147 240,148 240,149 240,150 240,151 240,152 240,153 240,154 240,155 240,156 240,157 241,158 242,159 243,160 244,161 245,162 245,163 245,164 245,165 244,166 243,167 242,168 241,169 240,169 239,169 238,169 237,169 236,169 235,169 234,169 233,169 232,169 231,169 230,169 229,169 228,169 227,169 226,169 225,169 224,169 223,168 222,167 221,166 220,165 219,164 219,163 219,162 220,161 220,160 220,159 220,158 221,157 221,156 221,155 221,154 221,153 221,152 222,151 223,150 224,149 225,148 226,147 227,146 228,145 229,144 230,143 231,142 232,142 233,141
216,170 217,170 218,170 219,170 220,170 221,171 222,172 223,173 222,174 221,175 220,176 219,176 218,176 217,177 216,178 215,179 214,180 213,180 212,180 211,180 210,180 209,180 208,179 207,178 206,177 206,176 206,175 207,174 208,174 209,174 210,173 211,173 212,173 213,173 214,172 215,171
236,178 237,178 238,178 239,179 239,180 240,181 241,182 241,183 241,184 241,185 241,186 241,187 241,188 241,189 242,190 243,191 244,192 245,193 245,194 246,195 247,196 248,197 249,198 249,199 249,200 249,201 249,202 249,203 248,204 247,204 246,204 245,204 244,204 243,204 242,204 241,204 240,205 239,204 238,203 237,202 237,201 237,200 237,199 236,198 235,197 234,196 233,195 232,194 231,193 230,192 230,191 230,190 230,189 230,188 230,187 230,186 230,185 230,184 230,183 231,182 232,181 233,180 234,179 235,178
232,225 233,226 234,227 234,228 235,229 236,230 236,231 236,232 236,233 237,234 236,235 235,235 234,236 233,236 232,236 231,237 230,237 229,238 228,239 227,239 226,238 225,237 225,236 225,235 225,234 225,233 225,232 225,231 225,230 225,229 225,228 226,227 227,226 228,225 229,225 230,225 231,225
147,178 148,179 149,180 150,181 151,182 151,183 151,184 151,185 152,186 152,187 151,188 150,189 149,190 148,191 147,192 146,192 145,192 144,192 143,191 142,190 141,189 141,188 141,187 141,186 140,185 140,184 140,183 141,182 142,181 143,180 144,179 145,179 146,178
132,85 133,85 134,85 135,86 136,87 136,88 136,89 136,90 136,91 136,92 136,93 136,94 135,95 134,96 133,97 132,96 131,95 130,94 129,93 128,92 127,92 126,91 126,90 127,89 128,88 129,87 130,86 131,86
229,175 230,175 231,176 232,177 233,178 233,179 232,180 231,181 230,181 229,182 228,182 227,181 226,180 226,179 226,178 227,177 228,176
6,117 7,118 7,119 8,120 8,121 8,122 9,123 10,124 10,125 9,126 8,127 7,127 6,128 5,129 4,129 3,128 2,127 1,126 0,125 0,124 0,123 1,122 2,121 3,120 4,119 5,118
218,109 219,109 220,109 221,109 222,109 223,110 224,111 225,112 226,113 226,114 226,115 226,116 226,117 226,118 226,119 226,120 226,121 226,122 226,123 225,124 224,125 223,125 222,124 221,123 220,123 219,122 218,121 217,120 216,119 215,118 215,117 215,116 215,115 215,114 215,113 215,112 216,111 217,110
44,150 45,150 46,150 47,150 48,150 49,150 50,150 51,150 52,150 53,150 54,151 55,152 56,153 57,154 57,155 57,156 57,157 56,158 55,159 54,160 53,160 52,161 51,162 50,162 49,162 48,162 47,162 46,161 45,160 44,159 43,158 42,157 41,156 40,155 40,154 40,153 41,152 42,151 43,150
3,49 4,50 3,51 2,50
90,79 91,79 92,79 93,80 93,81 92,82 91,83 90,84 89,84 88,84 87,83 87,82 87,81 88,80 89,79
214,57 215,57 216,57 217,58 218,59 219,60 220,61 219,62 218,62 217,62 216,62 215,63 214,63 213,64 212,64 211,63 210,62 210,61 210,60 211,59 212,58 213,58
70,165 71,165 72,166 73,167 73,168 72,169 71,170 70,170 69,170 68,170 67,169 66,168 66,167 67,166 68,165 69,165
85,46 86,47 87,48 87,49 87,50 87,51 87,52 87,53 87,54 87,55 87,56 87,57 88,58 89,59 90,60 91,61 92,62 93,63 92,64 91,64 90,64 89,64 88,64 87,64 86,64 85,64 84,64 83,64 82,64 81,63 80,62 79,61 78,60 77,59 76,59 75,58 74,57 73,56 73,55 73,54 73,53 74,52 75,51 76,50 77,50 78,50 79,50 80,50 81,50 82,49 83,48 84,47
66,92 67,93 68,94 69,95 68,96 67,97 66,98 65,98 64,97 63,96 63,95 63,94 64,93 65,93
219,40 220,40 221,40 222,40 223,41 224,42 225,43 226,44 227,45 228,46 228,47 228,48 228,49 227,50 226,51 225,51 224,50 223,49 222,48 221,47 220,46 219,45 218,44 217,43 217,42 218,41
117,64 118,64 119,64 120,65 121,66 122,67 122,68 122,69 122,70 122,71 121,72 121,73 121,74 121,75 121,76 120,77 119,78 118,79 117,80 116,81 115,82 114,83 113,84 112,85 111,86 110,86 109,87 108,88 107,89 106,89 105,89 104,88 103,87 102,86 101,85 100,84 100,83 100,82 100,81 100,80 100,79 100,78 101,77 102,77 103,77 104,76 105,75 106,74 106,73 107,72 108,71 109,70 110,69 111,68 112,67 113,66 114,66 115,65 116,65
28,206 29,206 30,206 31,206 32,206 33,207 33,208 33,209 33,210 33,211 33,212 33,213 34,214 34,215 34,216 34,217 34,218 34,219 34,220 34,221 34,222 34,223 34,224 34,225 34,226 34,227 34,228 33,229 33,230 33,231 33,232 33,233 33,234 33,235 33,236 33,237 32,238 31,239 30,240 29,241 28,241 27,240 26,239 25,238 24,237 23,236 22,235 21,234 21,233 21,232 21,231 21,230 21,229 21,228 21,227 21,226 21,225 21,224 21,223 21,222 21,221 21,220 21,219 21,218 21,217 21,216 21,215 21,214 21,213 21,212 22,211 23,210 24,209 25,208 26,208 27,207
5,230 6,230 7,230 8,230 9,231 10,232 11,233 11,234 12,235 12,236 12,237 12,238 12,239 12,240 12,241 12,242 12,243 12,244 12,245 12,246 12,247 12,248 11,249 10,249 9,249 8,249 7,249 6,249 5,249 4,249 3,249 2,248 1,247 1,246 0,245 0,244 0,243 0,242 0,241 0,240 0,239 0,238 0,237 0,236 0,235 0,234 1,233 2,232 3,231 4,231
134,29 135,29 136,30 137,31 138,32 139,33 139,34 139,35 139,36 139,37 139,38 139,39 138,40 138,41 137,42 136,43 135,44 134,45 133,46 132,47 131,48 130,49 129,50 128,51 127,51 126,51 125,51 124,51 123,51 122,52 121,53 120,54 119,55 118,55 117,55 116,54 115,53 115,52 115,51 115,50 115,49 115,48 115,47 115,46 115,45 116,44 117,43 118,42 119,41 119,40 119,39 119,38 120,37 121,36 122,35 123,34 124,33 125,32 126,32 127,32 128,32 129,32 130,31 131,31 132,30 133,30
191,170 192,170 193,170 194,171 194,172 195,173 195,174 196,175 197,176 197,177 197,178 196,179 195,180 194,180 193,180 192,180 191,180 190,180 189,180 188,180 187,180 186,180 185,181 184,181 183,181 182,181 181,180 180,179 179,178 178,177 178,176 179,175 180,175 181,175 182,175 183,175 184,175 185,175 186,174 187,173 188,172 189,172 190,171
166,24 167,25 168,26 169,27 169,28 169,29 169,30 169,31 169,32 169,33 169,34 169,35 169,36 169,37 169,38 170,39 170,40 170,41 170,42 170,43 171,44 171,45 171,46 171,47 171,48 172,49 173,50 174,51 175,52 176,53 177,54 178,55 179,56 180,57 180,58 180,59 180,60 179,61 178,62 177,63 176,63 175,64 174,64 173,64 172,64 171,64 170,64 169,64 168,64 167,63 166,62 165,61 164,61 163,61 162,61 161,61 160,60 159,59 158,58 157,57 156,56 155,55 154,54 153,53 152,52 151,52 150,51 149,50 148,49 147,48 146,47 145,46 144,45 144,44 144,43 144,42 144,41 144,40 144,39 144,38 144,37 144,36 145,35 146,34 147,33 147,32 148,31 149,31 150,31 151,31 152,31 153,31 154,31 155,30 156,29 157,28 158,27 159,26 160,25 161,25 162,25 163,24 164,24 165,24
196,76 197,77 198,78 199,79 200,80 200,81 200,82 199,83 198,84 197,84 196,83 195,82 195,81 195,80 195,79 195,78 195,77
40,192 41,192 42,193 43,194 43,195 43,196 43,197 42,198 41,199 40,200 39,201 38,202 37,203 36,204 35,204 34,203 33,202 32,201 31,200 31,199 31,198 32,197 33,197 34,197 35,197 36,196 37,195 38,194 39,193
65,0 66,0 67,0 68,0 69,0 70,0 71,0 72,0 73,0 74,0 75,0 76,0 77,1 76,2 75,2 74,3 73,4 72,5 71,6 70,7 69,8 68,9 67,9 66,9 65,8 64,7 64,6 64,5 64,4 64,3 64,2 63,1 64,0
141,147 142,148 143,149 143,150 143,151 143,152 142,153 141,154 140,154 139,155 138,155 137,155 136,154 135,153 135,152 135,151 135,150 136,149 137,149 138,148 139,148 140,148
100,125 101,125 102,126 102,127 102,128 102,129 102,130 102,131 102,132 102,133 103,134 102,135 101,135 100,135 99,135 98,134 97,133 96,132 96,131 95,130 95,129 95,128 96,127 97,126 98,125 99,125
112,226 113,226 114,226 115,226 116,226 117,226 118,226 119,226 120,226 121,227 122,228 123,229 124,230 125,231 126,232 127,233 128,234 129,235 130,236 130,237 129,238 128,239 127,240 126,241 125,241 124,241 123,241 122,241 121,241 120,240 119,240 118,239 117,238 116,237 115,236 114,235 113,234 112,233 111,232 110,231 109,230 109,229 109,228 109,227 110,226 111,226
154,69 155,70 154,71 153,70
185,110 186,110 187,110 188,110 189,110 190,110 191,110 192,111 193,112 194,113 195,114 196,115 196,116 196,117 196,118 196,119 196,120 196,121 196,122 195,123 195,124 195,125 195,126 195,127 195,128 195,129 194,130 193,131 192,132 191,133 190,134 189,135 188,136 187,137 186,138 185,139 184,140 183,141 182,142 181,143 180,144 179,144 178,144 177,144 176,144 175,144 174,143 173,142 172,141 171,140 170,139 169,138 168,137 167,136 167,135 167,134 167,133 167,132 168,131 168,130 168,129 168,128 168,127 168,126 168,125 167,124 166,123 166,122 166,121 166,120 167,119 168,118 169,117 170,117 171,117 172,117 173,117 174,117 175,117 176,117 177,116 178,115 179,114 180,113 181,112 182,112 183,111 184,111
31,159 32,159 33,159 34,159 35,159 36,160 36,161 36,162 36,163 35,164 34,165 33,166 32,167 31,168 30,169 29,170 28,170 27,170 26,169 25,169 24,168 24,167 24,166 24,165 25,164 26,163 27,162 28,162 29,161 30,160
167,97 168,97 169,98 169,99 169,100 169,101 169,102 169,103 169,104 169,105 170,106 170,107 170,108 170,109 170,110 170,111 170,112 169,113 168,114 167,115 166,116 165,117 164,118 163,119 162,120 161,121 160,122 159,122 158,122 157,122 156,122 155,123 154,123 153,124 152,124 151,123 151,122 151,121 151,120 151,119 151,118 151,117 151,116 151,115 151,114 151,113 152,112 153,111 154,110 155,109 156,108 157,107 158,106 159,105 160,104 161,103 162,102 163,101 164,100 165,99 166,98
80,185 81,186 80,187 79,186
118,168 119,168 120,169 121,170 122,171 123,172 124,173 125,174 126,175 127,176 128,177 129,178 130,179 131,180 132,180 133,181 134,182 135,183 135,184 136,185 135,186 134,187 133,187 132,187 131,187 130,187 129,187 128,187 127,186 126,185 125,184 124,183 123,182 122,181 121,180 120,179 119,178 119,177 119,176 118,175 118,174 117,173 117,172 117,171 117,170 117,169
135,128 136,128 137,128 138,129 139,130 140,131 141,132 142,133 141,134 140,135 139,135 138,136 137,137 136,138 135,139 134,140 133,141 132,141 131,140 130,139 130,138 129,137 129,136 129,135 129,134 129,133 129,132 130,131 131,130 132,129 133,128 134,128
149,139 150,140 151,141 151,142 151,143 152,144 153,145 154,146 155,147 156,148 156,149 156,150 155,151 154,151 153,151 152,151 151,151 150,150 149,149 148,148 147,147 147,146 147,145 147,144 147,143 147,142 147,141 148,140
25,0 26,0 27,0 28,0 29,1 29,2 29,3 29,4 30,5 30,6 31,7 32,8 32,9 33,10 34,11 35,12 36,13 36,14 36,15 36,16 36,17 36,18 36,19 36,20 36,21 35,22 34,23 33,24 32,24 31,25 30,25 29,24 28,23 28,22 28,21 28,20 28,19 27,18 26,17 25,16 24,15 23,14 22,13 21,12 20,11 19,10 18,9 17,8 17,7 18,6 19,5 20,5 21,4 22,3 23,2 24,1
177,28 178,29 179,30 180,31 181,32 181,33 180,34 179,35 178,35 177,36 176,36 175,36 174,36 173,35 172,34 172,33 172,32 172,31 172,30 173,29 174,28 175,28 176,28
14,137 15,137 16,137 17,138 18,139 19,140 19,141 18,142 17,142 16,142 15,142 14,143 13,143 12,144 11,144 10,145 9,144 9,143 9,142 10,141 11,140 12,139 13,138
66,212 67,212 68,212 69,212 70,212 71,212 72,212 73,212 74,212 75,212 76,212 77,212 78,213 79,214 80,215 81,216 82,217 83,218 84,219 85,220 86,220 87,220 88,220 89,221 90,222 91,223 92,224 92,225 92,226 92,227 92,228 92,229 92,230 92,231 92,232 92,233 91,234 90,235 89,235 88,235 87,236 86,236 85,236 84,236 83,236 82,236 81,236 80,237 79,237 78,238 77,238 76,238 75,237 74,236 74,235 74,234 74,233 74,232 74,231 74,230 74,229 74,228 74,227 73,226 72,225 71,224 70,223 69,222 68,221 67,220 66,219 65,218 64,217 63,216 63,215 63,214 64,213 65,212
107,39 108,39 109,39 110,40 111,41 112,42 113,43 113,44 112,45 111,45 110,45 109,45 108,45 107,45 106,45 105,45 104,45 103,45 102,45 101,44 101,43 101,42 101,41 102,40 103,39 104,39 105,39 106,39
162,90 163,90 164,90 165,90 166,90 167,91 167,92 167,93 167,94 166,95 165,96 164,96 163,96 162,96 161,96 160,97 159,97 158,97 157,96 157,95 157,94 158,93 159,92 160,91 161,91
191,182 192,182 193,183 194,184 194,185 193,186 192,186 191,187 190,187 189,188 188,189 187,190 186,190 185,190 184,191 183,192 182,192 181,193 180,192 179,191 178,190 178,189 178,188 179,187 180,186 181,186 182,185 183,185 184,185 185,184 186,184 187,183 188,183 189,183 190,183
145,82 146,82 147,83 147,84 147,85 147,86 148,87 149,88 149,89 149,90 150,91 150,92 149,93 148,93 147,94 146,94 145,94 144,94 143,94 142,93 141,92 141,91 141,90 141,89 141,88 141,87 141,86 142,85 143,84 144,83
40,98 41,98 42,98 43,99 44,100 44,101 45,102 46,103 47,104 48,105 49,106 50,107 51,108 52,109 53,110 54,111 55,112 55,113 55,114 56,115 57,116 58,117 59,118 60,119 60,120 60,121 60,122 61,123 61,124 60,125 59,126 58,126 57,126 56,126 55,126 54,126 53,126 52,127 51,127 50,127 49,127 48,127 47,127 46,127 45,127 44,127 43,127 42,127 41,127 40,127 39,127 38,127 37,126 36,125 35,124 34,123 33,122 32,121 31,120 30,119 29,118 28,117 28,116 28,115 28,114 28,113 29,112 29,111 29,110 29,109 29,108 30,107 31,106 32,105 33,104 34,103 35,102 36,102 37,101 38,100 39,99
1,0 2,0 3,1 4,2 5,3 4,4 3,5 2,6 1,7 0,6 0,5 0,4 0,3 0,2 0,1
109,239 110,240 111,241 112,242 113,243 114,244 113,245 112,245 111,245 110,245 109,245 108,245 107,245 106,245 105,244 104,243 103,242 103,241 104,240 105,240 106,240 107,239 108,239
34,183 35,183 36,183 37,183 38,183 39,184 39,185 38,186 37,187 36,188 35,189 34,190 33,191 32,191 31,192 30,193 29,193 28,193 27,192 26,191 26,190 26,189 27,188 28,187 29,187 30,186 31,186 32,185 33,184
179,145 180,146 181,147 181,148 181,149 181,150 181,151 181,152 181,153 181,154 181,155 181,156 181,157 181,158 181,159 181,160 181,161 181,162 181,163 181,164 181,165 181,166 182,167 183,168 184,169 184,170 183,171 182,171 181,171 180,171 179,171 178,171 177,171 176,171 175,171 174,171 173,170 172,169 171,168 171,167 171,166 171,165 171,164 171,163 171,162 171,161 171,160 170,159 170,158 170,157 170,156 169,155 169,154 169,153 170,152 171,151 172,150 173,149 174,149 175,148 176,148 177,147 178,146
66,82 67,83 66,84 65,83
247,225 248,226 249,227 249,228 249,229 249,230 249,231 248,232 247,233 247,234 246,235 245,236 244,236 243,237 242,237 241,236 240,235 240,234 240,233 240,232 241,231 242,230 243,229 244,228 245,227 246,226
22,241 23,241 24,241 25,241 26,242 27,243 27,244 28,245 29,246 29,247 28,248 27,249 26,249 25,249 24,248 23,247 22,247 21,246 21,245 20,244 20,243 21,242
145,208 146,208 147,208 148,208 149,208 150,208 151,208 152,208 153,208 154,208 155,208 156,208 157,208 158,208 159,209 160,210 161,210 162,210 163,211 164,212 165,213 166,214 167,215 167,216 167,217 167,218 167,219 166,220 165,221 164,222 163,222 162,222 161,222 160,222 159,222 158,222 157,222 156,222 155,222 154,222 153,222 152,222 151,222 150,222 149,222 148,223 147,224 146,225 145,226 144,227 143,228 142,229 141,230 140,231 139,230 138,229 138,228 138,227 138,226 138,225 138,224 138,223 138,222 138,221 138,220 138,219 138,218 138,217 138,216 139,215 140,214 141,213 141,212 142,211 143,210 144,209
222,191 223,191 224,192 225,193 225,194 226,195 227,196 228,197 229,198 230,199 231,200 231,201 231,202 230,203 229,203 228,204 227,204 226,204 225,204 224,204 223,204 222,203 221,202 220,201 219,200 218,199 217,198 216,197 216,196 216,195 216,194 217,193 218,192 219,191 220,191 221,191
134,199 135,200 136,201 136,202 135,203 134,203 133,203 132,204 131,203 131,202 131,201 132,200 133,199
119,212 120,212 121,213 120,214 119,215 118,216 117,217 116,216 116,215 116,214 117,213 118,212
204,28 205,28 206,28 207,28 208,28 209,28 210,29 211,30 212,31 213,32 214,33 214,34 215,35 216,36 217,37 217,38 216,39 215,39 214,39 213,39 212,40 211,40 210,41 209,42 208,43 207,42 207,41 207,40 207,39 207,38 206,37 205,36 204,35 203,34 203,33 203,32 203,31 203,30 203,29
105,182 106,183 107,184 107,185 107,186 107,187 107,188 107,189 107,190 107,191 107,192 107,193 106,194 105,195 104,196 104,197 103,198 102,199 101,199 100,199 99,199 98,199 97,200 96,200 95,199 94,198 93,197 92,196 91,195 91,194 91,193 92,192 93,191 94,190 95,189 96,188 97,187 98,186 99,185 100,184 101,184 102,183 103,183 104,183
93,64 94,64 95,64 96,64 97,65 98,66 99,67 100,68 101,69 102,70 103,71 103,72 104,73 104,74 104,75 103,76 102,77 101,77 100,77 99,77 98,76 97,75 96,74 96,73 95,72 94,71 93,70 92,69 91,68 91,67 91,66 91,65 92,64
191,29 192,30 191,31 190,30
192,228 193,229 194,230 195,231 195,232 196,233 195,234 194,235 193,235 192,236 191,235 190,234 190,233 190,232 190,231 190,230 191,229
197,129 198,129 199,129 200,130 201,131 202,132 203,133 203,134 203,135 203,136 203,137 203,138 202,139 201,140 200,141 199,140 198,139 197,138 196,137 196,136 196,135 195,134 194,133 194,132 194,131 194,130 195,129 196,129
54,45 55,46 54,47 53,46
108,165 109,166 109,167 109,168 109,169 109,170 109,171 109,172 109,173 110,174 111,175 112,176 113,177 114,178 115,179 116,180 117,181 118,182 119,183 120,184 121,185 121,186 120,187 119,188 118,188 117,188 116,188 115,188 114,188 113,187 112,186 111,185 110,184 109,183 108,182 107,181 106,180 105,179 105,178 104,177 104,176 104,175 104,174 104,173 104,172 104,171 104,170 104,169 104,168 104,167 105,166 106,165 107,165
185,196 186,196 187,197 188,198 189,199 189,200 190,201 190,202 190,203 190,204 190,205 190,206 190,207 189,208 188,209 187,210 186,211 185,212 184,213 183,214 182,214 181,215 180,215 179,214 179,213 179,212 179,211 179,210 179,209 179,208 179,207 179,206 179,205 179,204 179,203 179,202 180,201 181,200 182,199 183,198 184,197
58,73 59,73 60,73 61,74 62,75 62,76 62,77 62,78 62,79 62,80 62,81 62,82 62,83 62,84 62,85 62,86 62,87 62,88 62,89 62,90 62,91 63,92 63,93 63,94 62,95 61,96 60,97 59,98 59,99 58,100 57,101 56,101 55,101 54,100 54,99 53,98 53,97 52,96 51,95 50,94 49,93 49,92 48,91 47,90 46,89 45,88 44,87 43,86 42,85 41,84 40,83 39,82 40,81 41,80 42,79 43,79 44,79 45,79 46,79 47,79 48,79 49,79 50,79 51,79 52,79 53,78 54,77 55,76 56,75 57,74
165,145 166,145 167,146 168,147 167,148 166,149 165,149 164,148 164,147 164,146
26,175 27,176 26,177 25,176
183,44 184,45 185,46 186,47 187,48 188,49 189,49 190,50 191,51 192,52 193,53 193,54 193,55 193,56 193,57 192,58 191,59 190,60 189,61 188,62 187,62 186,62 185,61 184,60 184,59 184,58 184,57 184,56 184,55 184,54 184,53 184,52 183,51 182,50 182,49 181,48 181,47 181,46 182,45
149,60 150,60 151,60 152,60 153,60 154,60 155,61 156,62 157,63 158,64 159,65 160,66 161,67 162,68 163,69 163,70 163,71 162,72 161,73 160,74 159,74 158,75 157,75 156,75 155,75 154,75 153,75 152,75 151,75 150,75 149,75 148,75 147,75 146,75 145,75 144,76 143,76 142,76 141,76 140,76 139,76 138,76 137,76 136,77 135,78 134,79 133,80 132,80 131,80 130,80 129,80 128,80 127,80 126,79 125,78 124,77 123,76 122,76 121,75 121,74 121,73 121,72 121,71 122,70 123,69 124,68 125,67 126,67 127,67 128,67 129,67 130,67 131,67 132,67 133,67 134,67 135,67 136,67 137,67 138,67 139,67 140,67 141,68 142,67 143,66 144,65 145,64 146,63 147,62 148,61
244,212 245,212 246,212 247,212 248,213 249,214 249,215 249,216 249,217 249,218 249,219 249,220 249,221 248,222 247,223 246,224 245,225 244,225 243,225 242,225 241,225 240,225 239,226 238,227 237,228 236,227 235,226 234,225 234,224 234,223 234,222 235,221 236,220 237,219 238,218 239,217 240,216 241,215 242,214 243,213
128,210 129,210 130,211 131,212 132,213 133,214 134,215 135,216 135,217 135,218 135,219 135,220 135,221 135,222 135,223 135,224 135,225 134,226 133,227 132,228 131,229 130,229 129,230 128,230 127,229 126,228 126,227 126,226 126,225 126,224 126,223 126,222 126,221 126,220 126,219 125,218 124,217 124,216 124,215 124,214 124,213 124,212 125,211 126,210 127,210
124,159 125,160 124,161 123,160
79,29 80,29 81,30 82,31 82,32 82,33 82,34 82,35 82,36 82,37 81,38 80,39 79,39 78,38 77,37 77,36 77,35 76,34 76,33 76,32 76,31 77,30 78,29
108,88 109,88 110,88 111,88 112,88 113,89 114,90 115,91 116,92 117,93 118,94 119,95 120,96 121,97 122,98 123,99 124,100 125,101 125,102 125,103 125,104 125,105 125,106 126,107 127,108 128,109 129,110 129,111 129,112 128,113 127,113 126,113 125,113 124,113 123,114 122,115 121,116 120,117 119,118 118,119 117,119 116,120 115,120 114,119 113,118 112,117 112,116 111,115 110,114 109,113 108,112 107,111 107,110 107,109 107,108 108,107 108,106 108,105 108,104 108,103 108,102 108,101 108,100 108,99 108,98 108,97 108,96 107,95 107,94 107,93 107,92 107,91 107,90 107,89
191,136 192,136 193,137 193,138 192,139 191,139 190,140 189,141 188,140 187,139 187,138 187,137 188,136 189,136 190,136
248,17 249,18 249,19 249,20 249,21 249,22 249,23 249,24 249,25 249,26 249,27 249,28 248,29 247,29 246,29 245,28 244,27 244,26 244,25 244,24 244,23 244,22 245,21 245,20 245,19 246,18 247,17
245,1 246,2 245,3 244,2
173,143 174,144 173,145 172,144
120,226 121,227 120,228 119,227
247,181 248,181 249,182 249,183 249,184 249,185 248,186 247,187 246,187 245,187 244,187 243,186 243,185 243,184 244,183 245,182 246,182
185,0 186,1 186,2 187,3 188,4 189,5 189,6 189,7 188,8 187,9 186,9 185,9 184,8 183,7 182,6 181,5 180,4 180,3 180,2 180,1 181,0 182,0 183,0 184,0
116,194 117,194 118,194 119,195 120,196 120,197 120,198 120,199 120,200 121,201 122,202 123,203 124,204 123,205 122,206 121,206 120,206 119,206 118,206 117,206 116,205 115,205 114,205 113,205 112,205 111,206 110,207 109,208 108,209 107,210 106,211 105,212 104,213 103,214 102,215 101,215 100,215 99,215 98,216 97,217 96,217 95,218 94,217 93,216 93,215 92,214 91,213 90,212 90,211 90,210 90,209 91,208 92,207 93,206 94,206 95,206 96,206 97,206 98,206 99,206 100,206 101,205 102,204 103,203 104,202 105,201 106,200 107,199 108,198 109,197 110,196 111,196 112,196 113,196 114,196 115,195
194,137 195,138 194,139 193,138
83,87 84,87 85,88 85,89 85,90 85,91 84,92 83,92 82,92 81,92 80,92 79,91 78,90 79,89 80,88 81,87 82,87
242,67 243,68 242,69 241,70 240,69 240,68 241,67
67,77 68,78 68,79 67,80 66,79 66,78
150,240 151,240 152,240 153,240 154,240 155,241 155,242 155,243 155,244 156,245 156,246 157,247 156,248 155,249 154,249 153,249 152,249 151,249 150,249 149,249 148,248 147,247 147,246 146,245 146,244 146,243 147,242 148,241 149,241
82,0 83,0 84,1 85,2 85,3 85,4 85,5 85,6 85,7 85,8 85,9 85,10 85,11 85,12 86,13 85,14 84,15 83,16 82,17 81,18 80,19 79,20 78,21 77,21 76,20 75,19 75,18 75,17 74,16 74,15 73,14 72,13 71,12 71,11 71,10 72,9 73,8 74,7 75,6 76,5 77,4 78,3 79,2 80,1 81,1
114,129 115,130 116,131 116,132 117,133 118,134 118,135 118,136 118,137 117,138 116,138 115,138 114,138 113,138 112,138 111,138 110,138 109,138 108,138 107,138 106,137 105,136 105,135 106,134 107,133 108,132 109,131 110,131 111,130 112,130 113,130
1,216 2,216 3,217 3,218 4,219 4,220 4,221 4,222 4,223 3,224 2,225 1,226 0,225 0,224 0,223 0,222 0,221 0,220 0,219 0,218 0,217
