58,161 59,162 59,163 60,164 60,165 61,166 61,167 60,168 59,169 58,170 57,171 56,171 55,171 54,172 53,172 52,173 51,174 50,175 49,175 48,175 47,175 46,175 45,175 44,175 43,176 42,177 41,178 40,179 39,180 38,180 37,181 36,182 35,182 34,183 33,184 32,184 31,184 30,184 29,183 29,182 29,181 30,180 31,179 32,178 33,177 34,176 35,175 36,174 37,173 38,172 39,171 40,170 41,169 42,169 43,169 44,168 45,168 46,168 47,168 48,168 49,167 50,167 51,166 52,166 53,165 54,164 55,163 56,162 57,161
11,28 12,29 11,30 10,29
161,86 162,86 163,86 164,86 165,87 165,88 165,89 165,90 165,91 166,92 167,93 167,94 167,95 167,96 167,97 167,98 166,99 165,100 164,101 163,102 162,103 161,104 160,104 159,104 158,104 157,103 157,102 157,101 156,100 156,99 156,98 156,97 156,96 156,95 156,94 156,93 156,92 156,91 157,90 158,89 159,88 160,87
67,11 68,11 69,11 70,11 71,11 72,11 73,11 74,11 75,11 76,11 77,12 78,12 79,12 80,12 81,12 82,12 83,12 84,12 85,12 86,12 87,13 88,14 89,15 90,16 91,17 92,18 92,19 93,20 93,21 93,22 93,23 93,24 93,25 93,26 93,27 93,28 93,29 93,30 94,31 94,32 94,33 94,34 93,35 93,36 93,37 93,38 92,39 92,40 92,41 92,42 92,43 92,44 92,45 92,46 91,47 90,48 89,49 88,50 88,51 87,52 86,53 86,54 86,55 86,56 86,57 86,58 86,59 85,60 85,61 85,62 85,63 85,64 85,65 85,66 85,67 85,68 85,69 85,70 84,71 83,72 82,73 81,74 80,75 79,76 78,77 77,78 76,79 75,80 74,81 73,82 72,81 71,80 71,79 71,78 70,77 70,76 69,75 69,74 69,73 69,72 69,71 69,70 69,69 69,68 68,67 67,66 66,65 65,64 64,63 63,62 62,61 62,60 61,59 60,58 59,57 59,56 58,55 58,54 58,53 58,52 58,51 57,50 56,49 56,48 55,47 55,46 55,45 55,44 55,43 55,42 55,41 55,40 55,39 55,38 55,37 55,36 55,35 55,34 55,33 55,32 55,31 55,30 55,29 55,28 55,27 55,26 55,25 55,24 55,23 55,22 55,21 55,20 56,19 57,18 58,17 59,16 60,15 61,14 62,13 63,12 64,11 65,11 66,11
23,35 24,35 25,35 26,35 27,35 28,35 29,35 30,35 31,36 32,37 33,38 34,39 35,40 36,41 36,42 35,43 34,44 33,45 32,45 31,45 30,45 29,45 28,45 27,45 26,44 25,44 24,44 23,44 22,43 21,42 20,41 19,40 18,39 17,38 17,37 17,36 18,35 19,35 20,35 21,35 22,35
127,3 128,4 129,5 129,6 130,7 130,8 130,9 130,10 130,11 130,12 130,13 129,14 128,14 127,14 126,14 125,14 124,15 123,15 122,15 121,14 121,13 121,12 121,11 121,10 121,9 121,8 122,7 123,6 124,5 125,4 126,4
193,229 194,230 194,231 195,232 196,233 197,234 198,235 199,236 200,237 201,238 202,239 203,240 203,241 204,242 204,243 204,244 203,245 202,246 201,247 200,248 199,249 198,249 197,249 196,249 195,249 194,249 193,249 192,249 191,248 191,247 191,246 191,245 191,244 191,243 191,242 191,241 191,240 191,239 190,238 189,237 188,236 188,235 188,234 188,233 188,232 189,231 190,230 191,229 192,229
142,90 143,90 144,90 145,90 146,90 147,90 148,90 149,90 150,91 151,92 152,93 152,94 151,95 151,96 150,97 149,98 148,99 147,100 146,101 145,101 144,101 143,101 142,101 141,101 140,100 139,99 138,98 137,97 137,96 137,95 137,94 138,93 139,92 140,91 141,91
227,172 228,172 229,173 230,174 231,175 232,176 233,177 233,178 234,179 235,180 236,181 237,182 238,183 239,184 240,185 241,185 242,186 242,187 241,188 240,189 239,189 238,189 237,189 236,189 235,189 234,189 233,189 232,189 231,189 230,190 229,191 228,192 227,193 226,193 225,193 224,193 223,193 222,192 221,191 220,190 219,189 219,188 219,187 219,186 219,185 219,184 219,183 219,182 219,181 219,180 219,179 220,178 220,177 220,176 221,175 222,174 223,173 224,173 225,173 226,172
107,194 108,195 109,196 109,197 109,198 108,199 107,200 106,200 105,199 104,198 104,197 105,196 106,195
103,6 104,7 104,8 105,9 105,10 106,11 106,12 106,13 106,14 105,15 104,15 103,15 102,14 101,13 101,12 101,11 101,10 100,9 101,8 102,7
202,130 203,131 204,132 204,133 203,134 202,134 201,135 200,135 199,135 198,134 197,133 198,132 199,131 200,130 201,130
62,228 63,228 64,229 65,230 65,231 65,232 66,233 66,234 67,235 67,236 67,237 67,238 67,239 67,240 66,241 65,242 64,243 63,243 62,244 61,243 60,242 60,241 60,240 60,239 60,238 60,237 60,236 60,235 60,234 60,233 60,232 60,231 60,230 61,229
35,229 36,229 37,229 38,229 39,229 40,229 41,230 42,231 43,232 43,233 43,234 43,235 43,236 43,237 43,238 42,239 41,240 40,241 39,242 38,243 37,243 36,244 35,244 34,245 33,244 33,243 32,242 31,241 31,240 30,239 29,238 29,237 28,236 27,235 27,234 28,233 29,232 30,232 31,231 32,230 33,230 34,230
154,231 155,231 156,231 157,231 158,231 159,232 160,233 161,234 162,235 163,236 164,237 165,238 166,239 166,240 167,241 167,242 167,243 167,244 167,245 167,246 166,247 165,247 164,247 163,247 162,247 161,247 160,247 159,247 158,247 157,247 156,246 155,245 154,244 153,243 152,242 151,241 151,240 150,239 150,238 149,237 148,236 148,235 149,234 150,233 151,232 152,232 153,231
105,204 106,205 107,206 108,207 108,208 108,209 108,210 108,211 107,212 106,212 105,212 104,211 103,210 102,209 101,208 101,207 102,206 103,205 104,204
140,206 141,206 142,207 143,208 143,209 144,210 144,211 143,212 143,213 142,214 141,214 140,214 139,215 138,216 137,217 136,218 135,219 134,220 133,220 132,220 131,220 130,220 129,220 128,220 127,220 126,220 125,220 124,219 124,218 123,217 123,216 124,215 125,214 126,214 127,214 128,214 129,214 130,215 131,215 132,214 133,213 134,212 135,211 136,210 137,209 138,208 139,207
110,130 111,130 112,131 113,132 114,133 114,134 115,135 115,136 115,137 115,138 114,139 113,140 112,141 111,141 110,141 109,141 108,140 108,139 108,138 108,137 107,136 106,135 105,134 104,133 105,132 106,131 107,130 108,130 109,130
105,106 106,106 107,106 108,107 109,108 109,109 110,110 111,111 111,112 111,113 111,114 111,115 111,116 111,117 111,118 111,119 111,120 111,121 111,122 112,123 111,124 110,125 109,125 108,124 107,123 106,122 105,121 104,120 103,119 102,118 101,118 100,117 99,116 98,115 97,114 97,113 98,112 99,111 100,110 101,110 102,109 103,108 104,107
12,32 13,32 14,32 15,33 15,34 15,35 15,36 15,37 15,38 14,39 13,40 12,41 11,42 10,43 9,44 8,45 7,46 6,47 5,47 4,48 3,48 2,48 1,47 0,46 0,45 0,44 0,43 0,42 0,41 0,40 1,39 2,39 3,39 4,38 5,38 6,38 7,37 8,36 9,35 10,34 11,33
185,70 186,71 187,72 188,73 188,74 188,75 188,76 188,77 189,78 189,79 189,80 189,81 189,82 189,83 189,84 188,85 188,86 188,87 188,88 188,89 188,90 187,91 186,92 185,92 184,92 183,92 182,92 181,92 180,92 179,91 178,90 177,89 176,89 175,89 174,88 173,88 172,89 171,90 170,89 169,88 168,87 167,86 167,85 167,84 167,83 167,82 167,81 167,80 167,79 168,78 169,77 170,76 171,76 172,76 173,76 174,75 175,74 176,73 177,73 178,73 179,73 180,74 181,74 182,73 183,72 184,71
193,11 194,11 195,12 195,13 195,14 195,15 194,16 193,17 192,18 191,18 190,18 189,18 188,17 188,16 188,15 189,14 190,13 191,12 192,12
60,81 61,81 62,81 63,81 64,81 65,81 66,81 67,82 68,82 69,82 70,82 71,82 72,82 73,82 74,82 75,82 76,83 77,84 78,85 79,86 80,86 81,87 82,88 83,89 83,90 83,91 83,92 83,93 83,94 83,95 83,96 83,97 83,98 83,99 83,100 83,101 84,102 84,103 84,104 84,105 83,106 82,107 81,108 80,109 79,110 78,111 77,112 76,113 75,114 74,115 73,116 72,117 71,118 70,119 69,120 68,120 67,120 66,119 65,118 65,117 65,116 65,115 64,114 63,113 62,112 61,111 60,110 60,109 60,108 60,107 60,106 60,105 60,104 60,103 60,102 60,101 59,100 58,99 57,98 56,97 56,96 56,95 56,94 56,93 56,92 56,91 56,90 56,89 56,88 56,87 56,86 56,85 57,84 58,83 59,82
137,125 138,126 139,127 139,128 140,129 140,130 140,131 140,132 140,133 140,134 140,135 140,136 140,137 139,138 138,139 137,140 136,141 135,142 134,143 133,143 132,143 131,142 131,141 130,140 130,139 130,138 130,137 131,136 131,135 131,134 131,133 131,132 131,131 131,130 132,129 133,128 134,127 135,126 136,125
40,20 41,20 42,20 43,21 44,22 45,23 46,24 47,25 47,26 46,27 45,27 44,27 43,27 42,27 41,27 40,27 39,27 38,27 37,27 36,27 35,27 34,27 33,27 32,28 31,29 30,29 29,30 28,31 27,31 26,31 25,30 25,29 25,28 25,27 25,26 26,25 27,24 28,23 29,22 30,21 31,20 32,20 33,20 34,20 35,20 36,20 37,20 38,20 39,20
55,178 56,178 57,179 57,180 57,181 57,182 57,183 57,184 57,185 57,186 57,187 57,188 57,189 57,190 57,191 57,192 58,193 58,194 58,195 58,196 58,197 58,198 58,199 58,200 57,201 56,202 55,203 54,203 53,203 52,203 51,203 50,203 49,203 48,204 47,204 46,204 45,204 44,204 43,204 42,204 41,204 40,204 39,204 38,203 37,202 36,201 35,200 34,199 34,198 33,197 32,196 32,195 32,194 32,193 33,192 33,191 33,190 34,189 35,188 36,187 37,186 38,185 39,184 40,183 41,183 42,183 43,183 44,183 45,183 46,183 47,183 48,183 49,182 50,181 51,180 52,179 53,178 54,178
121,0 122,0 123,0 124,0 125,0 126,0 127,0 128,0 129,1 128,2 127,3 126,3 125,3 124,4 123,5 122,5 121,5 120,6 119,6 118,6 117,7 116,8 115,9 114,10 113,11 112,11 111,10 110,9 109,8 109,7 109,6 109,5 110,4 111,4 112,3 113,2 114,1 115,1 116,1 117,1 118,2 119,1 120,1
45,38 46,38 47,38 48,38 49,39 49,40 50,41 51,42 51,43 51,44 51,45 51,46 50,47 49,47 48,48 47,49 46,49 45,49 44,48 43,47 43,46 42,45 41,44 40,43 40,42 41,41 42,40 43,39 44,39
145,66 146,67 145,68 144,67
159,109 160,109 161,110 162,111 163,112 163,113 163,114 162,115 161,116 160,117 159,118 158,119 157,120 156,120 155,120 154,120 153,120 152,120 151,120 150,119 149,118 148,117 147,116 147,115 147,114 147,113 147,112 148,111 149,110 150,110 151,110 152,110 153,110 154,110 155,110 156,110 157,110 158,110
101,26 102,26 103,26 104,26 105,26 106,26 107,26 108,26 109,26 110,26 111,26 112,27 113,28 114,29 114,30 114,31 114,32 114,33 113,34 112,35 111,36 110,37 109,38 108,39 107,40 106,41 105,42 104,43 103,44 102,44 101,45 100,45 99,45 98,45 97,44 96,44 95,44 94,43 93,42 92,41 92,40 92,39 92,38 92,37 92,36 92,35 93,34 94,33 95,32 96,31 97,30 98,29 99,28 100,27
208,237 209,237 210,237 211,237 212,237 213,237 214,237 215,237 216,237 217,237 218,237 219,237 220,238 221,239 222,240 223,241 224,242 225,243 226,244 226,245 226,246 226,247 225,248 224,249 223,249 222,249 221,249 220,249 219,249 218,249 217,249 216,249 215,249 214,249 213,249 212,249 211,249 210,249 209,249 208,249 207,249 206,248 206,247 206,246 206,245 206,244 206,243 206,242 205,241 205,240 206,239 207,238
50,241 51,241 52,241 53,241 54,242 55,243 55,244 55,245 55,246 55,247 55,248 54,249 53,249 52,249 51,249 50,248 49,247 49,246 48,245 48,244 48,243 49,242
104,74 105,75 104,76 103,75
235,226 236,226 237,226 238,226 239,226 240,226 241,226 242,227 243,228 243,229 243,230 243,231 243,232 243,233 243,234 243,235 243,236 242,237 241,238 240,239 239,240 238,241 237,242 236,242 235,241 234,240 233,239 232,238 231,237 230,236 229,235 228,234 227,233 226,232 226,231 227,230 228,229 229,229 230,229 231,228 232,227 233,226 234,226
142,156 143,157 143,158 144,159 144,160 144,161 144,162 143,163 142,162 142,161 141,160 140,159 140,158 140,157 141,156
116,209 117,209 118,210 118,211 118,212 118,213 119,214 118,215 117,216 116,217 115,218 114,219 113,219 112,219 111,219 110,220 109,220 108,219 107,218 107,217 107,216 107,215 108,214 109,213 110,212 111,211 112,211 113,211 114,210 115,209
83,130 84,131 84,132 84,133 84,134 84,135 84,136 84,137 85,138 85,139 86,140 86,141 86,142 87,143 86,144 85,145 84,145 83,145 82,145 81,145 80,145 79,145 78,145 77,145 76,145 75,144 74,143 73,142 72,141 71,140 70,139 69,138 69,137 69,136 70,135 71,135 72,135 73,135 74,135 75,134 76,133 77,132 78,132 79,131 80,131 81,130 82,130
45,58 46,59 47,60 47,61 47,62 47,63 46,64 45,64 44,64 43,63 42,62 41,61 42,60 43,59 44,58
6,1 7,2 6,3 5,2
85,216 86,216 87,216 88,217 89,218 90,219 91,220 92,221 93,222 94,223 94,224 94,225 93,226 92,226 91,226 90,226 89,226 88,226 87,226 86,226 85,226 84,226 83,226 82,227 81,227 80,228 79,228 78,228 77,227 76,227 75,226 75,225 76,224 77,223 78,222 79,221 80,220 81,219 82,218 83,217 84,217
66,217 67,218 66,219 65,218
209,55 210,56 210,57 210,58 210,59 210,60 210,61 210,62 210,63 210,64 210,65 211,66 211,67 211,68 211,69 211,70 211,71 211,72 211,73 211,74 211,75 211,76 211,77 211,78 211,79 211,80 210,81 209,82 208,83 208,84 208,85 208,86 208,87 208,88 208,89 208,90 208,91 208,92 208,93 208,94 208,95 208,96 208,97 208,98 207,99 206,100 205,101 204,102 203,103 202,104 201,105 200,106 199,107 198,108 197,109 196,110 195,111 194,111 193,111 192,111 191,111 190,111 189,111 188,111 187,111 186,111 185,110 184,110 183,109 182,109 181,108 181,107 180,106 180,105 179,104 178,103 177,102 176,101 176,100 176,99 176,98 177,97 178,96 179,95 180,95 181,95 182,95 183,94 184,93 185,92 186,92 187,91 188,90 188,89 188,88 188,87 188,86 188,85 188,84 188,83 188,82 188,81 189,80 189,79 189,78 189,77 189,76 189,75 190,74 190,73 190,72 190,71 191,70 192,69 193,68 194,67 195,66 196,65 197,64 198,63 199,62 200,61 201,60 202,59 203,58 204,57 205,57 206,57 207,57 208,56
37,204 38,204 39,204 40,204 41,204 42,205 43,206 43,207 42,208 41,208 40,208 39,209 38,209 37,209 36,210 35,210 34,211 33,212 32,211 31,210 30,209 30,208 31,207 32,206 33,206 34,206 35,205 36,204
244,5 245,6 245,7 244,8 243,9 242,9 241,10 240,11 239,11 238,11 237,10 236,9 236,8 236,7 236,6 237,5 238,5 239,5 240,5 241,5 242,5 243,5
128,118 129,118 130,119 131,120 131,121 131,122 131,123 131,124 131,125 131,126 131,127 130,128 129,129 128,129 127,129 126,129 125,128 124,127 123,126 122,125 121,124 120,123 120,122 120,121 120,120 121,119 122,118 123,118 124,118 125,118 126,118 127,118
116,67 117,67 118,67 119,67 120,68 121,69 122,70 123,70 124,71 125,72 126,73 126,74 126,75 126,76 127,77 128,78 129,79 130,80 131,81 132,82 132,83 132,84 132,85 133,86 133,87 133,88 133,89 133,90 133,91 133,92 133,93 133,94 133,95 133,96 133,97 133,98 133,99 133,100 133,101 133,102 133,103 133,104 133,105 133,106 133,107 133,108 132,109 131,110 130,111 129,112 128,113 127,113 126,113 125,113 124,113 123,113 122,112 121,111 120,110 119,109 118,108 117,107 116,106 115,105 114,104 113,103 112,102 111,101 110,100 109,99 108,98 108,97 108,96 108,95 108,94 108,93 108,92 108,91 108,90 108,89 107,88 106,87 105,86 104,85 103,84 102,83 101,82 100,81 99,80 98,79 97,78 97,77 98,76 99,76 100,76 101,76 102,76 103,76 104,76 105,75 106,74 107,73 108,72 109,71 110,70 111,70 112,69 113,69 114,68 115,67
212,167 213,168 214,169 214,170 214,171 213,172 212,173 211,174 210,175 209,176 208,177 207,178 206,178 205,179 204,179 203,178 203,177 202,176 201,175 201,174 200,173 201,172 202,171 203,170 204,169 205,169 206,169 207,168 208,167 209,167 210,167 211,167
226,53 227,54 228,55 229,56 229,57 229,58 230,59 230,60 231,61 232,62 233,63 233,64 232,65 231,65 230,65 229,65 228,65 227,64 226,63 225,62 224,61 223,60 223,59 222,58 222,57 222,56 222,55 222,54 223,53 224,53 225,53
77,168 78,168 79,168 80,168 81,168 82,169 83,170 84,171 85,172 86,173 87,174 88,175 89,176 90,177 90,178 90,179 90,180 89,181 88,182 87,183 86,183 85,183 84,183 83,183 82,183 81,183 80,183 79,182 78,182 77,181 76,180 76,179 75,178 74,177 74,176 74,175 74,174 73,173 73,172 74,171 75,170 76,169
30,103 31,104 32,105 32,106 32,107 32,108 32,109 32,110 32,111 32,112 32,113 32,114 32,115 32,116 32,117 32,118 32,119 32,120 32,121 32,122 32,123 32,124 32,125 32,126 32,127 32,128 32,129 32,130 31,131 30,132 29,133 28,134 28,135 27,136 26,137 25,137 24,137 23,136 22,135 21,134 20,133 19,132 19,131 19,130 19,129 19,128 19,127 19,126 19,125 19,124 19,123 19,122 19,121 19,120 19,119 19,118 19,117 19,116 19,115 19,114 19,113 19,112 19,111 19,110 19,109 19,108 20,107 21,106 22,106 23,106 24,106 25,106 26,106 27,105 28,105 29,104
47,97 48,97 49,98 49,99 50,100 50,101 50,102 50,103 50,104 50,105 50,106 50,107 50,108 50,109 50,110 51,111 52,112 53,113 54,114 54,115 53,116 52,117 51,117 50,117 49,118 48,118 47,119 46,119 45,118 44,117 44,116 44,115 44,114 44,113 43,112 42,111 41,110 40,109 40,108 39,107 39,106 39,105 40,104 41,103 42,102 43,101 44,100 45,99 46,98
20,180 21,181 22,182 23,183 23,184 23,185 23,186 23,187 23,188 23,189 23,190 23,191 23,192 23,193 23,194 22,195 21,196 20,197 19,198 18,199 17,200 16,201 15,200 14,199 14,198 14,197 14,196 13,195 12,194 11,193 10,192 9,191 8,190 7,189 6,188 5,187 4,186 4,185 4,184 4,183 5,182 6,182 7,182 8,182 9,182 10,182 11,182 12,182 13,182 14,183 15,183 16,183 17,182 18,181 19,180
177,189 178,189 179,189 180,189 181,190 181,191 181,192 181,193 181,194 181,195 181,196 181,197 181,198 182,199 183,200 183,201 183,202 183,203 183,204 183,205 183,206 183,207 184,208 184,209 184,210 185,211 185,212 186,213 186,214 187,215 187,216 188,217 188,218 188,219 188,220 188,221 188,222 187,223 186,224 185,225 184,224 183,223 182,222 181,221 180,221 179,220 178,219 177,218 176,217 175,217 174,216 174,215 175,214 175,213 175,212 175,211 175,210 175,209 175,208 175,207 174,206 173,205 172,204 171,203 170,202 169,201 169,200 168,199 167,198 166,197 165,196 165,195 165,194 165,193 166,192 167,191 168,190 169,190 170,190 171,190 172,190 173,190 174,190 175,191 176,190
41,84 42,84 43,84 44,84 45,85 46,86 47,87 48,88 49,89 50,90 51,91 51,92 50,93 49,94 48,94 47,95 46,95 45,96 44,96 43,96 42,96 41,95 40,94 40,93 40,92 40,91 40,90 40,89 39,88 38,87 37,86 38,85 39,85 40,84
209,99 210,99 211,100 211,101 212,102 212,103 212,104 211,105 210,106 209,107 208,108 207,109 206,109 205,109 204,108 203,107 202,106 202,105 202,104 203,103 204,102 205,101 206,100 207,99 208,99
43,0 44,0 45,0 46,0 47,0 48,0 49,0 50,0 51,0 52,0 53,0 54,0 55,0 56,0 57,0 58,0 59,1 59,2 59,3 58,4 57,4 56,4 55,4 54,4 53,4 52,4 51,4 50,4 49,5 48,6 47,7 46,8 45,9 44,10 43,11 42,12 41,13 40,13 39,13 38,13 37,12 36,11 35,10 35,9 35,8 36,7 37,6 38,5 39,4 40,3 41,2 42,1
117,35 118,36 119,37 119,38 119,39 119,40 118,41 117,42 116,43 115,44 114,45 113,45 112,45 111,44 110,43 109,42 109,41 110,40 110,39 110,38 111,37 112,36 113,35 114,35 115,35 116,35
16,67 17,67 18,67 19,68 19,69 20,70 20,71 20,72 20,73 20,74 21,75 21,76 22,77 22,78 22,79 21,80 20,81 19,81 18,81 17,81 16,81 15,81 14,81 13,81 12,81 11,81 10,81 9,81 8,82 7,82 6,82 5,82 4,82 3,82 2,82 1,83 0,82 0,81 0,80 0,79 0,78 0,77 0,76 0,75 0,74 0,73 1,72 2,71 3,70 4,70 5,71 6,71 7,71 8,71 9,71 10,71 11,71 12,71 13,70 14,69 15,68
183,50 184,50 185,50 186,51 186,52 186,53 186,54 186,55 186,56 186,57 186,58 187,59 188,60 188,61 187,62 186,63 185,64 184,65 183,66 182,67 181,68 180,68 179,69 178,69 177,69 176,69 175,69 174,70 173,71 172,71 171,71 170,71 169,71 168,71 167,71 166,70 165,69 164,68 163,67 162,66 162,65 162,64 163,63 164,63 165,63 166,62 167,61 168,60 169,59 170,60 171,60 172,60 173,60 174,59 175,58 176,57 177,56 178,55 179,54 180,53 181,52 182,51
202,116 203,116 204,116 205,116 206,117 207,117 208,118 209,119 210,120 211,121 212,122 212,123 212,124 211,125 210,125 209,125 208,125 207,125 206,125 205,125 204,124 203,123 202,122 201,121 200,120 200,119 200,118 200,117 201,116
44,129 45,129 46,129 47,129 48,129 49,130 50,130 51,130 52,130 53,131 54,132 54,133 54,134 54,135 54,136 54,137 54,138 54,139 53,140 52,141 51,142 50,143 49,144 49,145 49,146 49,147 48,148 47,149 46,150 45,151 44,152 43,153 42,153 41,154 40,154 39,154 38,153 37,152 37,151 37,150 37,149 37,148 37,147 37,146 38,145 38,144 38,143 38,142 38,141 38,140 38,139 38,138 38,137 38,136 38,135 38,134 38,133 39,132 40,131 41,130 42,129 43,129
163,0 164,1 164,2 164,3 163,4 162,3 162,2 162,1
83,241 84,241 85,241 86,241 87,241 88,242 89,243 90,244 89,245 88,246 87,247 86,247 85,248 84,249 83,249 82,249 81,249 80,249 79,249 78,248 78,247 78,246 78,245 79,244 80,243 81,242 82,242
144,162 145,162 146,162 147,162 148,163 149,164 149,165 149,166 148,167 147,167 146,167 145,166 144,165 143,164 143,163
195,25 196,25 197,25 198,25 199,26 200,27 201,28 202,29 201,30 200,30 199,31 198,32 197,33 196,34 195,34 194,34 193,34 192,34 191,34 190,34 189,34 188,34 187,33 186,32 185,31 185,30 184,29 185,28 186,28 187,27 188,26 189,26 190,26 191,26 192,26 193,26 194,26
140,145 141,145 142,146 142,147 143,148 144,149 144,150 143,151 142,152 141,153 140,154 139,153 138,152 137,151 136,150 135,149 135,148 136,147 137,147 138,146 139,146
237,196 238,197 238,198 238,199 239,200 240,201 241,202 242,203 243,204 244,205 244,206 244,207 244,208 244,209 244,210 243,211 242,211 241,211 240,210 239,210 238,210 237,210 236,210 235,210 234,210 233,210 232,210 231,210 230,210 229,210 228,210 227,209 226,209 225,208 224,207 223,206 222,205 222,204 221,203 221,202 221,201 221,200 221,199 222,198 223,198 224,198 225,198 226,198 227,198 228,198 229,198 230,198 231,198 232,198 233,197 234,196 235,196 236,196
105,54 106,54 107,54 108,55 108,56 109,57 109,58 109,59 109,60 109,61 109,62 108,63 107,64 106,65 106,66 106,67 105,68 104,69 103,70 102,71 101,71 100,71 99,71 98,72 97,72 96,72 95,73 94,74 93,75 92,75 91,75 90,76 89,75 89,74 89,73 89,72 89,71 89,70 89,69 89,68 89,67 89,66 88,65 87,64 86,63 85,62 85,61 85,60 86,59 87,58 88,58 89,58 90,58 91,58 92,58 93,58 94,58 95,58 96,58 97,59 98,58 99,57 100,57 101,56 102,56 103,55 104,55
217,45 218,45 219,45 220,46 220,47 220,48 220,49 220,50 220,51 220,52 219,53 218,54 217,54 216,54 215,53 214,52 214,51 213,50 213,49 213,48 214,47 215,46 216,46
59,112 60,113 59,114 58,113
214,11 215,11 216,11 217,11 218,11 219,12 220,13 220,14 220,15 220,16 220,17 220,18 220,19 220,20 220,21 220,22 220,23 220,24 220,25 220,26 220,27 220,28 220,29 220,30 220,31 220,32 219,33 218,34 217,35 216,36 215,37 214,38 213,39 212,40 211,41 210,41 209,41 208,40 208,39 208,38 208,37 208,36 208,35 207,34 207,33 206,32 206,31 206,30 206,29 206,28 206,27 206,26 207,25 208,24 208,23 208,22 209,21 209,20 209,19 209,18 209,17 209,16 209,15 210,14 211,13 212,12 213,11
144,216 145,216 146,217 147,218 147,219 147,220 147,221 147,222 146,223 145,224 144,223 143,223 142,223 141,222 141,221 140,220 139,219 140,218 141,217 142,216 143,216
184,172 185,172 186,172 187,172 188,172 189,172 190,172 191,172 192,172 193,172 194,172 195,173 196,174 197,175 197,176 196,177 195,178 194,178 193,179 192,180 191,180 190,180 189,180 188,180 187,180 186,181 185,182 184,183 183,183 182,184 181,183 181,182 181,181 180,180 180,179 180,178 180,177 180,176 180,175 180,174 181,173 182,173 183,172
82,187 83,188 84,189 85,190 86,191 87,192 88,193 89,194 90,195 90,196 90,197 89,198 88,198 87,199 86,199 85,199 84,199 83,199 82,199 81,199 80,199 79,199 78,200 77,201 76,201 75,200 74,199 74,198 74,197 74,196 74,195 74,194 75,193 76,193 77,192 78,191 79,190 80,189 81,188
191,200 192,200 193,201 194,202 193,203 192,204 191,204 190,204 189,203 188,202 189,201 190,201
107,64 108,64 109,65 110,65 111,66 112,67 111,68 110,69 109,70 108,71 107,71 106,71 105,70 104,69 104,68 104,67 105,66 106,65
181,126 182,126 183,126 184,126 185,126 186,126 187,126 188,126 189,126 190,127 191,128 192,129 192,130 192,131 192,132 191,133 190,134 190,135 189,136 188,137 187,138 186,138 185,138 184,138 183,138 182,137 181,136 181,135 180,134 179,133 178,132 178,131 178,130 178,129 179,128 180,127
50,143 51,144 52,145 53,146 53,147 53,148 54,149 54,150 54,151 55,152 55,153 55,154 54,155 53,156 52,157 51,158 50,159 49,160 48,161 47,161 46,162 45,162 44,162 43,162 42,162 41,161 40,160 40,159 40,158 41,157 41,156 42,155 43,154 43,153 44,152 44,151 44,150 45,149 46,148 47,147 47,146 48,145 49,144
65,166 66,166 67,166 68,166 69,166 70,167 70,168 71,169 71,170 71,171 71,172 70,173 69,174 68,175 67,176 66,177 65,178 64,178 63,178 62,178 61,178 60,177 59,176 59,175 59,174 59,173 59,172 60,171 61,170 62,169 63,168 64,167
232,220 233,220 234,221 234,222 234,223 234,224 234,225 233,226 232,226 231,225 230,224 229,223 229,222 230,221 231,220
201,178 202,178 203,178 204,179 204,180 204,181 204,182 205,183 206,184 207,185 208,186 208,187 208,188 208,189 207,190 206,191 205,192 204,192 203,192 202,191 201,190 200,190 199,190 198,189 198,188 197,187 197,186 198,185 198,184 198,183 198,182 198,181 199,180 200,179
248,36 249,37 249,38 249,39 249,40 249,41 249,42 249,43 249,44 249,45 249,46 249,47 249,48 248,49 247,49 246,49 245,49 244,49 243,49 242,49 241,48 240,47 239,46 238,45 239,44 240,43 241,43 242,42 243,41 244,40 245,39 246,38 247,37
29,60 30,60 31,60 32,61 33,61 34,61 35,61 36,62 37,63 38,64 38,65 38,66 38,67 37,68 36,69 35,70 34,71 33,72 32,73 31,74 30,74 29,73 28,72 27,71 27,70 27,69 27,68 27,67 27,66 27,65 27,64 27,63 26,62 27,61 28,60
194,38 195,38 196,38 197,39 198,39 199,39 200,39 201,39 202,39 203,40 204,41 204,42 204,43 204,44 204,45 203,46 202,47 201,48 200,49 199,50 198,50 197,50 196,50 195,50 194,50 193,50 192,51 191,50 190,49 189,48 189,47 189,46 189,45 189,44 189,43 189,42 189,41 189,40 190,39 191,38 192,38 193,38
2,50 3,50 4,50 5,50 6,50 7,50 8,50 9,50 10,50 11,50 12,51 13,52 13,53 13,54 14,55 15,56 16,57 17,58 18,59 19,60 19,61 20,62 21,63 21,64 21,65 20,66 19,66 18,66 17,66 16,66 15,66 14,66 13,66 12,65 11,64 10,63 9,62 8,61 7,61 6,60 5,59 4,58 3,57 2,56 1,55 0,54 0,53 0,52 1,51
224,38 225,39 225,40 226,41 226,42 226,43 226,44 225,45 224,46 223,46 222,46 221,46 220,46 219,45 219,44 219,43 220,42 221,41 222,40 223,39
238,19 239,19 240,20 241,21 242,22 243,23 244,24 245,25 246,26 247,27 248,28 249,29 249,30 249,31 249,32 248,33 247,33 246,33 245,33 244,33 243,33 242,33 241,34 240,35 239,35 238,35 237,35 236,35 235,35 234,35 233,35 232,35 231,35 230,34 229,33 228,32 227,31 226,30 225,29 224,28 224,27 225,26 226,25 227,25 228,25 229,25 230,25 231,24 232,24 233,24 234,23 235,22 236,21 237,20
96,85 97,85 98,85 99,86 100,87 101,88 100,89 99,90 98,91 97,92 96,92 95,92 94,92 93,92 92,92 91,91 90,90 89,89 88,88 89,87 90,86 91,86 92,86 93,86 94,85 95,85
6,65 7,65 8,66 8,67 8,68 7,69 6,70 5,71 4,70 4,69 4,68 4,67 5,66
207,154 208,155 209,156 209,157 209,158 209,159 208,160 207,161 206,162 205,163 204,164 203,165 202,166 201,166 200,167 199,167 198,168 197,168 196,168 195,169 194,169 193,170 192,170 191,170 190,170 189,170 188,169 187,168 187,167 187,166 187,165 187,164 188,163 189,162 190,161 191,160 192,159 193,159 194,159 195,159 196,159 197,159 198,159 199,159 200,159 201,159 202,158 203,157 204,157 205,156 206,155
169,216 170,216 171,216 172,217 171,218 170,218 169,219 168,219 167,218 168,217
156,181 157,182 158,183 159,184 160,185 161,186 160,187 159,187 158,188 157,188 156,187 155,186 154,185 154,184 154,183 155,182
102,122 103,122 104,123 104,124 104,125 103,126 102,127 101,127 100,126 99,125 99,124 99,123 100,122 101,122
201,19 202,19 203,19 204,19 205,19 206,20 207,21 207,22 207,23 208,24 207,25 206,26 205,26 204,26 203,27 202,26 201,25 200,24 199,23 199,22 199,21 200,20
118,213 119,214 118,215 117,214
207,132 208,133 209,134 210,135 210,136 211,137 212,138 213,139 214,140 213,141 212,141 211,142 210,142 209,142 208,141 207,140 207,139 207,138 207,137 206,136 205,135 205,134 206,133
229,0 230,0 231,0 232,0 233,0 234,1 234,2 234,3 234,4 233,5 232,6 231,7 230,7 229,7 228,7 227,7 226,7 225,7 224,7 223,7 222,7 221,6 220,5 220,4 220,3 221,2 222,2 223,1 224,1 225,1 226,1 227,1 228,1
97,197 98,197 99,197 100,198 100,199 100,200 100,201 99,202 98,203 97,204 97,205 96,206 95,207 94,208 93,209 92,210 91,210 90,209 89,208 88,207 88,206 88,205 89,204 90,203 91,202 92,201 93,201 94,200 95,199 96,198
73,173 74,174 73,175 72,174
