248,52 249,53 249,54 249,55 249,56 249,57 248,58 247,58 246,58 245,59 244,60 243,60 242,60 241,60 240,60 239,59 238,58 239,57 240,56 241,56 242,56 243,55 244,54 245,54 246,53 247,53
46,0 47,0 48,0 49,0 50,0 51,0 52,1 52,2 52,3 51,4 50,5 49,5 48,5 47,5 46,5 45,5 44,5 43,5 42,4 41,3 40,2 40,1 41,0 42,0 43,0 44,0 45,0
28,224 29,224 30,224 31,225 32,226 32,227 32,228 32,229 33,230 33,231 33,232 33,233 33,234 34,235 35,236 36,237 36,238 35,239 34,240 33,240 32,240 31,240 30,240 29,241 28,241 27,240 26,239 25,238 24,237 23,236 22,235 22,234 22,233 22,232 22,231 22,230 22,229 22,228 22,227 23,226 24,225 25,224 26,224 27,224
14,150 15,150 16,150 17,151 18,151 19,151 20,152 21,153 22,154 23,155 24,156 25,157 26,158 27,159 28,160 29,160 30,161 31,161 32,162 33,163 34,164 35,165 36,166 37,167 38,168 39,169 40,170 40,171 40,172 39,173 38,174 37,174 36,174 35,174 34,174 33,174 32,174 31,174 30,174 29,174 28,174 27,174 26,174 25,174 24,173 23,172 22,171 21,170 20,169 19,169 18,168 17,167 16,167 15,167 14,167 13,166 12,165 11,164 10,163 9,162 9,161 9,160 9,159 10,158 10,157 10,156 10,155 10,154 11,153 12,152 13,151
107,217 108,217 109,218 109,219 110,220 110,221 110,222 110,223 110,224 110,225 110,226 110,227 111,228 111,229 111,230 111,231 111,232 111,233 111,234 111,235 111,236 110,237 109,237 108,238 107,239 106,240 105,240 104,241 103,242 102,242 101,242 100,242 99,241 99,240 99,239 99,238 99,237 99,236 99,235 99,234 99,233 99,232 99,231 99,230 99,229 98,228 97,227 97,226 97,225 97,224 98,223 99,222 100,221 101,221 102,221 103,220 104,220 105,219 106,218
66,6 67,6 68,6 69,6 70,6 71,6 72,6 73,6 74,6 75,6 76,6 77,6 78,7 79,8 80,9 81,10 82,11 83,12 83,13 83,14 83,15 83,16 82,17 81,18 80,19 79,20 78,21 77,22 76,23 76,24 75,25 74,25 73,25 72,26 71,27 70,28 69,29 68,30 67,31 66,32 65,32 64,33 63,33 62,34 61,34 60,33 59,32 58,31 57,30 56,29 55,28 54,27 53,26 52,25 51,24 50,23 49,23 48,22 47,21 47,20 47,19 47,18 47,17 47,16 47,15 47,14 46,13 47,12 48,11 49,10 50,10 51,10 52,10 53,10 54,10 55,10 56,10 57,10 58,10 59,10 60,10 61,10 62,9 63,8 64,7 65,7
218,0 219,0 220,0 221,0 222,0 223,0 224,0 225,0 226,0 227,0 228,0 229,0 230,0 231,0 232,1 232,2 232,3 232,4 232,5 232,6 231,7 230,8 229,9 228,10 227,11 227,12 226,13 225,14 224,14 223,14 222,14 221,15 220,15 219,15 218,14 217,13 216,12 215,11 214,10 213,9 212,8 212,7 212,6 212,5 212,4 213,3 214,2 215,1 216,0 217,0
243,140 244,140 245,141 246,142 247,143 248,144 249,145 249,146 249,147 248,148 247,148 246,149 245,150 244,151 243,152 242,151 241,150 240,149 239,148 239,147 238,146 238,145 239,144 240,143 241,142 242,141
31,0 32,1 33,2 33,3 32,4 31,4 30,5 29,5 28,4 27,3 28,2 29,1 30,1
141,126 142,127 143,128 143,129 142,130 141,130 140,129 139,128 140,127
7,140 8,140 9,141 10,142 11,143 12,144 12,145 12,146 11,147 10,148 9,149 8,149 7,149 6,150 5,151 4,152 3,153 2,153 1,152 1,151 0,150 0,149 0,148 0,147 0,146 0,145 0,144 0,143 1,142 2,142 3,142 4,143 5,142 6,141
150,37 151,37 152,38 152,39 152,40 151,41 150,42 149,42 148,43 147,42 147,41 147,40 147,39 148,38 149,37
145,44 146,44 147,44 148,45 149,46 150,47 149,48 148,49 147,49 146,49 145,48 144,47 144,46 144,45
52,124 53,124 54,124 55,124 56,124 57,124 58,124 59,125 60,126 61,127 62,128 63,129 63,130 63,131 63,132 63,133 63,134 63,135 63,136 64,137 65,138 66,139 66,140 65,141 64,142 63,142 62,142 61,142 60,142 59,142 58,142 57,142 56,142 55,142 54,142 53,142 52,142 51,141 50,140 49,139 49,138 49,137 49,136 49,135 49,134 49,133 49,132 49,131 49,130 48,129 48,128 48,127 48,126 49,125 50,124 51,124
12,234 13,235 12,236 11,235
200,117 201,117 202,118 202,119 202,120 202,121 202,122 201,123 200,124 199,124 198,124 197,123 197,122 197,121 197,120 198,119 199,118
202,21 203,21 204,21 205,21 206,22 206,23 206,24 206,25 206,26 206,27 206,28 206,29 205,30 204,31 203,32 203,33 202,34 201,35 200,36 199,36 198,36 197,35 197,34 196,33 196,32 196,31 196,30 196,29 196,28 196,27 197,26 198,25 199,24 200,23 201,22
108,211 109,211 110,211 111,211 112,211 113,211 114,212 115,213 116,214 115,215 114,215 113,216 112,216 111,216 110,216 109,216 108,216 107,216 106,216 105,216 104,217 103,217 102,216 101,215 101,214 102,213 103,212 104,212 105,212 106,212 107,212
76,38 77,38 78,39 79,40 80,41 80,42 80,43 80,44 80,45 80,46 80,47 81,48 80,49 79,50 78,51 77,52 76,53 75,53 74,53 73,53 72,52 71,51 70,50 69,49 69,48 68,47 68,46 69,45 70,44 71,43 72,42 73,41 74,40 75,39
190,116 191,116 192,117 193,118 194,119 194,120 195,121 195,122 195,123 194,124 193,125 192,125 191,125 190,125 189,126 188,126 187,127 186,127 185,127 184,127 183,126 183,125 183,124 183,123 184,122 185,121 186,120 187,119 188,118 189,117
166,160 167,160 168,160 169,160 170,160 171,160 172,161 173,162 173,163 173,164 173,165 173,166 173,167 173,168 173,169 174,170 175,171 175,172 175,173 175,174 175,175 174,176 173,177 172,177 171,177 170,177 169,177 168,177 167,178 166,178 165,177 164,176 163,175 162,174 161,173 160,172 159,171 159,170 159,169 159,168 159,167 159,166 159,165 159,164 160,163 160,162 161,161 162,161 163,160 164,160 165,160
16,31 17,32 18,33 18,34 18,35 18,36 17,37 16,38 15,38 14,38 13,37 12,36 11,35 11,34 11,33 11,32 12,31 13,31 14,31 15,31
80,104 81,104 82,104 83,104 84,105 85,106 86,107 87,108 87,109 87,110 87,111 87,112 87,113 87,114 86,115 85,116 84,116 83,116 82,115 81,114 81,113 81,112 80,111 79,110 78,109 77,108 77,107 76,106 77,105 78,105 79,105
203,105 204,106 205,107 205,108 206,109 206,110 207,111 207,112 207,113 206,114 205,115 204,116 203,116 202,116 201,116 200,116 199,116 198,115 197,114 197,113 196,112 196,111 196,110 197,109 198,108 199,107 200,106 201,106 202,105
157,207 158,208 159,209 160,210 160,211 160,212 160,213 160,214 160,215 160,216 159,217 158,218 157,219 156,220 155,220 154,219 153,218 153,217 153,216 153,215 153,214 153,213 154,212 154,211 154,210 154,209 154,208 155,207 156,207
111,244 112,245 112,246 112,247 111,248 110,248 109,248 108,247 108,246 108,245 109,244 110,244
160,22 161,22 162,22 163,22 164,22 165,22 166,22 167,22 168,22 169,22 170,22 171,22 172,23 173,24 174,25 175,26 176,26 177,27 178,28 179,29 180,30 181,31 181,32 182,33 182,34 182,35 182,36 182,37 182,38 182,39 182,40 182,41 181,42 180,43 179,44 178,45 177,46 176,46 175,46 174,46 173,45 172,44 171,43 170,42 169,41 168,40 167,39 166,38 166,37 165,36 164,35 163,34 162,33 161,32 160,31 160,30 159,29 158,28 158,27 158,26 158,25 158,24 159,23
241,82 242,82 243,83 244,84 245,85 246,86 247,87 248,88 249,89 249,90 249,91 249,92 249,93 249,94 249,95 249,96 249,97 249,98 248,99 247,99 246,100 245,101 244,101 243,100 242,99 242,98 241,97 241,96 241,95 241,94 241,93 240,92 240,91 240,90 240,89 240,88 240,87 240,86 239,85 238,84 238,83 239,82 240,82
90,150 91,150 92,150 93,151 94,152 94,153 94,154 93,155 92,155 91,155 90,155 89,155 88,155 87,154 86,153 87,152 88,151 89,151
107,80 108,81 107,82 106,81
11,74 12,74 13,75 14,76 14,77 14,78 13,79 12,79 11,80 10,80 9,80 8,79 7,78 7,77 8,76 9,75 10,74
36,198 37,198 38,198 39,198 40,198 41,198 42,198 43,198 44,198 45,198 46,198 47,198 48,198 49,199 50,200 50,201 50,202 50,203 50,204 50,205 49,206 48,207 47,208 46,208 45,209 44,209 43,209 42,209 41,209 40,209 39,209 38,209 37,209 36,208 35,207 35,206 35,205 35,204 35,203 34,202 34,201 34,200 35,199
110,55 111,55 112,55 113,55 114,55 115,56 116,57 117,58 118,59 118,60 118,61 118,62 119,63 120,64 121,65 122,66 122,67 122,68 122,69 122,70 122,71 122,72 122,73 122,74 122,75 122,76 122,77 122,78 121,79 120,80 119,80 118,80 117,79 116,78 115,77 114,76 113,75 112,74 111,73 111,72 111,71 111,70 111,69 111,68 111,67 111,66 111,65 111,64 111,63 110,62 109,61 108,60 107,59 107,58 108,57 109,56
182,69 183,69 184,69 185,69 186,69 187,69 188,69 189,69 190,70 191,71 192,72 192,73 192,74 192,75 192,76 192,77 192,78 192,79 192,80 192,81 192,82 192,83 192,84 192,85 191,86 190,87 189,88 188,89 187,90 186,90 185,90 184,90 183,90 182,90 181,90 180,90 179,90 178,91 177,91 176,91 175,91 174,91 173,91 172,91 171,91 170,91 169,91 168,91 167,90 167,89 167,88 167,87 167,86 167,85 167,84 166,83 165,82 165,81 165,80 164,79 165,78 166,77 167,77 168,77 169,77 170,77 171,76 172,75 173,74 174,73 175,72 176,72 177,72 178,72 179,72 180,71 181,70
129,130 130,130 131,130 132,130 133,130 134,131 135,132 136,133 137,134 138,135 139,136 139,137 138,138 137,139 136,140 135,140 134,140 133,140 132,140 131,140 130,140 129,140 128,141 127,141 126,142 125,142 124,142 123,142 122,142 121,142 120,142 119,142 118,142 117,142 116,142 115,141 115,140 115,139 116,138 117,137 118,136 119,135 120,135 121,135 122,135 123,135 124,135 125,134 126,133 127,132 128,131
116,187 117,187 118,188 119,188 120,189 121,189 122,190 123,190 124,190 125,190 126,190 127,190 128,190 129,190 130,190 131,190 132,191 133,192 134,193 135,194 136,195 137,196 138,197 139,198 139,199 139,200 139,201 140,202 141,203 142,204 143,205 144,206 145,207 146,208 147,209 147,210 146,211 145,212 144,212 143,212 142,212 141,212 140,213 139,214 138,215 137,216 136,217 135,218 134,219 133,220 132,221 131,222 130,223 129,224 128,225 127,226 126,227 125,228 124,228 123,228 122,228 121,228 120,228 119,228 118,228 117,228 116,227 116,226 116,225 116,224 116,223 116,222 117,221 117,220 117,219 117,218 116,217 115,216 115,215 116,214 116,213 116,212 116,211 116,210 116,209 116,208 116,207 116,206 116,205 116,204 116,203 116,202 116,201 116,200 115,199 115,198 115,197 116,196 116,195 116,194 116,193 115,192 114,191 114,190 114,189 114,188 115,187
182,107 183,108 183,109 183,110 183,111 183,112 183,113 183,114 184,115 184,116 184,117 185,118 185,119 185,120 185,121 185,122 185,123 184,124 183,125 183,126 183,127 182,128 181,128 180,128 179,128 178,128 177,128 176,129 175,130 174,131 173,132 172,132 171,131 171,130 170,129 170,128 170,127 170,126 170,125 170,124 170,123 170,122 170,121 170,120 170,119 171,118 172,117 173,116 174,115 175,114 176,113 177,112 178,111 179,110 180,109 181,108
229,234 230,234 231,234 232,235 232,236 232,237 232,238 232,239 232,240 232,241 233,242 234,243 234,244 233,245 232,246 231,246 230,246 229,246 228,246 227,246 226,245 225,245 224,244 224,243 223,242 222,241 222,240 222,239 222,238 223,237 224,236 225,235 226,234 227,234 228,234
161,55 162,56 163,55 164,55 165,55 166,55 167,56 168,57 168,58 168,59 168,60 168,61 168,62 168,63 168,64 168,65 169,66 169,67 169,68 169,69 169,70 169,71 168,72 167,73 166,74 165,75 164,76 163,76 162,76 161,75 160,74 159,73 158,72 157,71 156,70 155,70 154,69 154,68 154,67 154,66 154,65 154,64 154,63 154,62 155,61 156,60 157,59 158,58 159,57 160,56
11,10 12,10 13,10 14,10 15,10 16,10 17,10 18,10 19,10 20,10 21,10 22,10 23,10 24,10 25,11 26,12 27,13 28,14 28,15 28,16 28,17 28,18 28,19 28,20 28,21 28,22 28,23 28,24 28,25 28,26 28,27 29,28 30,29 31,30 32,31 33,32 33,33 33,34 32,35 31,36 30,37 29,37 28,37 27,37 26,37 25,36 24,35 23,34 22,33 21,32 20,31 20,30 20,29 20,28 20,27 20,26 19,25 18,24 17,23 16,22 15,21 14,20 14,19 13,18 12,17 11,16 10,15 9,14 9,13 9,12 10,11
98,79 99,79 100,79 101,79 102,79 103,79 104,79 105,79 106,79 107,79 108,79 109,79 110,79 111,80 112,80 113,80 114,81 115,82 116,83 117,84 117,85 118,86 119,87 120,88 120,89 120,90 120,91 120,92 120,93 120,94 121,95 122,96 121,97 120,98 119,98 118,99 117,99 116,99 115,99 114,99 113,99 112,99 111,99 110,99 109,99 108,99 107,99 106,100 105,100 104,99 103,98 103,97 103,96 103,95 103,94 103,93 103,92 103,91 103,90 103,89 103,88 102,87 101,86 100,85 99,84 98,83 97,82 97,81 97,80
210,155 211,155 212,155 213,156 213,157 213,158 213,159 212,160 211,161 210,162 209,162 208,161 207,160 207,159 207,158 208,157 209,156
154,47 155,48 155,49 156,50 156,51 156,52 155,53 154,54 153,53 152,52 152,51 152,50 152,49 153,48
145,217 146,217 147,218 148,219 149,220 149,221 149,222 149,223 149,224 149,225 150,226 151,227 152,228 153,229 154,230 155,231 156,232 157,233 158,234 159,235 159,236 159,237 159,238 159,239 159,240 159,241 159,242 159,243 159,244 158,245 157,246 156,246 155,246 154,246 153,246 152,245 151,244 150,243 149,242 148,241 147,240 146,239 145,238 144,237 143,236 142,235 141,234 141,233 141,232 141,231 141,230 141,229 141,228 141,227 141,226 141,225 141,224 141,223 141,222 142,221 143,220 143,219 144,218
228,54 229,54 230,55 230,56 230,57 230,58 230,59 230,60 229,61 228,62 227,63 226,64 225,65 224,65 223,64 222,63 222,62 221,61 220,60 219,59 218,58 218,57 218,56 219,55 220,55 221,55 222,55 223,55 224,55 225,55 226,55 227,55
94,102 95,102 96,103 97,104 97,105 98,106 99,107 100,108 101,109 102,110 103,111 104,112 104,113 105,114 105,115 105,116 105,117 104,118 103,119 102,120 101,120 100,120 99,119 98,118 97,117 96,117 95,116 94,115 93,114 93,113 93,112 93,111 93,110 93,109 92,108 91,107 91,106 91,105 91,104 92,103 93,102
140,34 141,34 142,35 142,36 142,37 141,38 140,39 139,40 138,41 137,42 136,42 135,42 134,41 134,40 134,39 135,38 136,37 137,36 138,35 139,35
24,209 25,209 26,209 27,209 28,209 29,209 30,210 31,211 32,212 32,213 32,214 31,215 30,216 29,217 28,218 27,219 26,220 25,221 25,222 24,223 23,224 22,224 21,223 20,222 20,221 20,220 20,219 20,218 20,217 21,216 21,215 21,214 21,213 21,212 22,211 23,210
179,8 180,8 181,8 182,8 183,8 184,8 185,8 186,9 187,10 188,11 189,12 189,13 189,14 188,15 187,16 186,17 185,17 184,17 183,17 182,18 181,18 180,18 179,18 178,19 177,20 176,19 175,18 175,17 175,16 175,15 175,14 175,13 175,12 174,11 174,10 174,9 175,8 176,8 177,8 178,8
210,13 211,13 212,13 213,14 214,15 215,16 216,16 217,17 218,18 219,19 220,20 221,21 222,22 223,23 224,24 225,25 226,26 227,27 227,28 227,29 227,30 227,31 227,32 227,33 227,34 227,35 226,36 225,37 224,38 223,39 222,40 221,41 220,41 219,42 218,42 217,43 216,42 215,41 214,40 213,39 212,38 211,37 211,36 210,35 210,34 210,33 209,32 209,31 209,30 210,29 210,28 210,27 210,26 210,25 209,24 208,23 208,22 208,21 207,20 206,19 205,18 205,17 204,16 205,15 206,14 207,14 208,14 209,13
206,50 207,51 206,52 205,51
110,166 111,166 112,166 113,166 114,167 115,168 116,169 117,170 117,171 117,172 116,173 115,174 114,175 113,176 112,177 111,178 110,179 109,179 108,180 107,179 106,178 105,177 104,176 104,175 104,174 104,173 104,172 104,171 104,170 104,169 105,168 106,167 107,166 108,166 109,166
131,233 132,233 133,234 133,235 133,236 132,237 131,238 130,238 129,237 128,236 128,235 129,234 130,233
183,88 184,89 183,90 182,89
235,128 236,128 237,128 238,128 239,128 240,128 241,128 242,129 242,130 242,131 242,132 242,133 242,134 242,135 242,136 242,137 242,138 242,139 242,140 242,141 242,142 241,143 240,144 239,145 238,146 238,147 237,148 236,149 235,150 234,151 233,152 232,152 231,152 230,152 229,152 228,152 227,152 226,152 225,152 224,152 223,151 222,150 222,149 221,148 221,147 221,146 221,145 221,144 220,143 220,142 220,141 220,140 220,139 220,138 221,137 222,136 223,135 224,134 225,133 226,132 227,132 228,131 229,131 230,130 231,130 232,130 233,130 234,129
45,82 46,82 47,82 48,82 49,82 50,82 51,82 52,83 53,84 54,85 55,86 55,87 55,88 56,89 57,90 58,91 59,92 60,93 61,94 62,95 62,96 62,97 61,98 60,98 59,98 58,98 57,98 56,98 55,98 54,98 53,98 52,98 51,98 50,98 49,98 48,98 47,97 46,96 45,95 44,94 43,94 42,94 41,93 40,92 39,91 38,90 38,89 38,88 38,87 39,86 40,85 41,85 42,85 43,84 44,83
29,90 30,90 31,90 32,91 33,92 33,93 33,94 33,95 33,96 32,97 31,98 30,99 29,100 28,101 27,101 26,100 26,99 25,98 25,97 24,96 24,95 23,94 24,93 25,92 26,91 27,91 28,91
107,6 108,6 109,7 110,8 110,9 110,10 109,11 108,12 107,12 106,11 106,10 106,9 106,8 106,7
240,229 241,230 241,231 241,232 240,233 239,234 238,233 238,232 238,231 239,230
141,90 142,90 143,90 144,90 145,91 146,92 146,93 146,94 146,95 146,96 147,97 147,98 148,99 148,100 148,101 147,102 146,102 145,103 144,104 143,105 142,106 141,106 140,107 139,108 138,109 137,109 136,109 135,108 134,107 134,106 134,105 133,104 132,103 132,102 131,101 130,100 130,99 130,98 130,97 129,96 130,95 131,94 132,94 133,94 134,94 135,95 136,95 137,94 138,93 139,92 140,91
14,202 15,202 16,202 17,202 18,203 19,204 19,205 18,206 17,207 16,208 15,208 14,207 13,206 13,205 13,204 13,203
139,163 140,163 141,163 142,163 143,163 144,163 145,163 146,163 147,163 148,164 149,165 150,166 151,167 151,168 151,169 151,170 150,171 149,172 148,173 147,174 146,175 145,175 144,174 143,173 142,172 141,171 140,171 139,170 138,169 137,168 136,167 136,166 136,165 137,164 138,164
163,39 164,39 165,39 166,40 166,41 167,42 168,43 169,44 170,45 171,46 170,47 169,47 168,47 167,47 166,47 165,47 164,47 163,47 162,47 161,46 160,45 160,44 160,43 160,42 160,41 161,40 162,39
63,192 64,192 65,192 66,193 67,194 68,195 68,196 68,197 68,198 69,199 70,200 71,201 72,202 73,203 73,204 73,205 72,206 71,207 70,207 69,207 68,207 67,207 66,207 65,206 64,205 63,204 62,203 61,202 60,201 59,200 59,199 59,198 59,197 59,196 59,195 59,194 60,193 61,192 62,192
50,59 51,59 52,59 53,59 54,59 55,59 56,60 57,61 58,62 59,63 60,64 61,65 61,66 60,67 59,68 58,68 57,69 56,69 55,69 54,69 53,68 52,67 51,66 50,66 49,65 48,64 47,63 47,62 48,61 49,60
236,39 237,39 238,39 239,39 240,39 241,39 242,40 243,41 243,42 243,43 243,44 243,45 243,46 244,47 244,48 244,49 244,50 243,51 242,52 241,51 240,50 239,49 238,48 237,47 237,46 237,45 237,44 236,43 236,42 235,41 235,40
221,199 222,200 223,201 224,202 224,203 224,204 223,205 222,206 221,206 220,207 219,207 218,208 217,209 216,210 215,210 214,210 213,210 212,210 211,210 210,210 209,210 208,210 207,210 206,210 205,210 204,210 203,210 202,210 201,210 200,209 199,208 198,207 197,206 196,205 197,204 198,204 199,204 200,204 201,203 202,203 203,202 204,201 205,201 206,201 207,201 208,201 209,201 210,201 211,201 212,202 213,202 214,202 215,202 216,202 217,201 218,201 219,201 220,200
231,32 232,32 233,32 234,32 235,33 235,34 235,35 235,36 235,37 235,38 236,39 235,40 234,40 233,40 232,40 231,40 230,40 229,40 228,39 227,38 226,37 226,36 226,35 227,34 228,33 229,33 230,32
33,51 34,52 33,53 32,52
177,81 178,82 177,83 176,82
123,179 124,180 125,181 126,181 127,182 128,183 129,184 129,185 129,186 128,187 127,188 126,189 125,189 124,189 123,188 123,187 122,186 121,185 121,184 121,183 120,182 120,181 121,180 122,179
162,97 163,98 163,99 163,100 163,101 163,102 163,103 163,104 162,105 161,106 160,106 159,105 158,104 158,103 157,102 157,101 158,100 159,99 160,99 161,98
170,2 171,3 172,4 173,5 173,6 174,7 173,8 172,8 171,9 170,9 169,9 168,9 167,8 167,7 167,6 167,5 167,4 168,3 169,2
228,165 229,165 230,165 231,165 232,165 233,165 234,165 235,165 236,165 237,165 238,166 239,167 240,168 241,169 241,170 242,171 242,172 242,173 242,174 241,175 240,175 239,175 238,175 237,175 236,175 235,175 234,175 233,175 232,175 231,175 230,175 229,174 228,173 227,172 226,171 225,170 225,169 225,168 225,167 226,166 227,165
149,107 150,108 149,109 148,108
210,78 211,78 212,79 213,80 213,81 213,82 213,83 213,84 213,85 213,86 213,87 213,88 213,89 213,90 212,91 211,92 210,93 209,94 208,94 207,94 206,94 205,95 204,95 203,95 202,94 202,93 201,92 201,91 201,90 201,89 201,88 201,87 201,86 201,85 201,84 202,83 203,82 204,81 205,81 206,80 207,80 208,80 209,79
167,176 168,177 167,178 166,177
186,34 187,35 188,36 189,37 190,38 191,39 191,40 190,41 189,42 188,42 187,42 186,41 185,40 184,40 183,39 182,38 182,37 183,36 184,35 185,35
7,225 8,225 9,226 10,227 10,228 10,229 10,230 10,231 10,232 10,233 10,234 10,235 10,236 10,237 10,238 10,239 10,240 9,241 8,242 7,242 6,242 5,242 4,242 3,242 2,241 1,240 0,239 0,238 0,237 0,236 0,235 0,234 0,233 0,232 0,231 1,230 2,229 3,228 4,227 5,226 6,226
84,117 85,118 86,119 86,120 86,121 87,122 88,123 89,124 89,125 90,126 91,127 91,128 91,129 91,130 91,131 91,132 91,133 91,134 91,135 91,136 91,137 92,138 93,139 93,140 93,141 92,142 91,143 90,144 89,144 88,144 87,144 86,144 85,144 84,144 83,143 82,142 81,141 80,140 79,139 79,138 79,137 79,136 79,135 79,134 79,133 79,132 79,131 79,130 79,129 79,128 79,127 79,126 79,125 79,124 79,123 79,122 79,121 80,120 81,119 82,118 83,117
101,27 102,28 103,29 103,30 103,31 103,32 104,33 105,34 106,35 107,36 108,37 109,38 110,39 111,40 112,41 113,42 113,43 113,44 113,45 113,46 112,47 111,48 110,48 109,48 108,48 107,48 106,48 105,47 104,46 103,45 102,44 101,43 100,42 100,41 100,40 99,39 98,38 98,37 97,36 96,35 95,34 95,33 95,32 96,31 97,30 98,29 99,28 100,27
178,93 179,94 178,95 177,94
4,48 5,48 6,48 7,48 8,48 9,48 10,48 11,48 12,48 13,48 14,49 15,50 16,51 17,52 18,53 19,54 20,55 20,56 20,57 19,58 18,58 17,59 16,59 15,60 14,61 13,62 12,62 11,63 10,63 9,62 9,61 8,60 8,59 8,58 7,57 6,56 5,55 4,54 3,53 2,52 2,51 1,50 2,49 3,48
246,33 247,33 248,33 249,34 249,35 249,36 249,37 249,38 249,39 248,40 247,40 246,40 245,39 244,38 243,37 243,36 244,35 245,34
67,55 68,55 69,56 69,57 69,58 69,59 69,60 68,61 67,61 66,61 65,60 64,59 64,58 64,57 65,56 66,55
202,130 203,130 204,131 204,132 203,133 202,134 201,134 200,134 199,133 198,132 199,131 200,131 201,130
71,134 72,135 73,136 73,137 73,138 72,139 71,140 70,140 69,139 68,138 68,137 68,136 69,135 70,134
150,184 151,185 150,186 149,185
63,100 64,100 65,101 66,102 67,103 67,104 67,105 68,106 69,107 70,108 70,109 70,110 70,111 69,112 68,113 67,113 66,112 65,111 64,110 63,109 63,108 62,107 61,106 60,105 60,104 60,103 60,102 61,101 62,100
196,188 197,188 198,188 199,189 199,190 200,191 200,192 201,193 201,194 201,195 200,196 199,196 198,196 197,196 196,196 195,196 194,196 193,196 192,196 191,196 190,196 189,195 188,194 188,193 187,192 187,191 188,190 189,189 190,188 191,188 192,188 193,188 194,188 195,188
141,238 142,239 142,240 142,241 142,242 142,243 142,244 142,245 143,246 143,247 143,248 142,249 141,249 140,249 139,249 138,249 137,248 137,247 137,246 137,245 137,244 137,243 137,242 137,241 138,240 139,239 140,239
171,134 172,135 173,136 173,137 173,138 174,139 175,140 176,141 177,142 177,143 177,144 176,145 175,146 174,147 173,148 172,148 171,148 170,148 169,149 168,149 167,149 166,148 165,147 164,146 164,145 164,144 164,143 164,142 165,141 165,140 165,139 165,138 166,137 167,136 168,135 169,134 170,134
84,207 85,207 86,207 87,207 88,208 89,209 89,210 90,211 90,212 89,213 88,213 87,213 86,213 85,214 84,213 83,212 82,211 81,210 81,209 81,208 82,207 83,207
203,231 204,232 204,233 204,234 204,235 203,236 202,236 201,237 200,237 199,236 199,235 199,234 200,233 201,232 202,232
72,97 73,98 74,99 75,100 74,101 73,102 72,102 71,102 70,102 69,101 69,100 69,99 70,98 71,97
76,141 77,142 78,143 79,144 79,145 79,146 78,147 77,148 76,148 75,149 74,149 73,149 72,149 71,149 70,149 69,148 69,147 69,146 70,145 71,145 72,144 73,143 74,143 75,142
7,116 8,116 9,116 10,116 11,116 12,116 13,116 14,116 15,116 16,116 17,116 18,116 19,117 20,118 21,119 22,120 23,121 24,122 24,123 24,124 24,125 23,126 22,127 21,128 20,129 19,130 18,131 17,132 16,133 15,133 14,133 13,133 12,133 11,132 10,131 9,130 8,129 7,128 6,127 5,126 4,125 4,124 4,123 4,122 4,121 4,120 4,119 4,118 5,117 6,116
200,214 201,215 202,216 203,217 203,218 202,219 201,219 200,219 199,219 198,219 197,218 197,217 198,216 199,215
73,217 74,217 75,217 76,218 77,219 77,220 76,221 75,222 74,222 73,222 72,222 71,221 70,220 70,219 71,218 72,217
140,148 141,148 142,149 142,150 142,151 142,152 142,153 142,154 141,155 140,156 139,156 138,156 137,156 136,155 135,154 135,153 136,152 137,151 138,150 139,149
