220,174 221,175 222,175 223,175 224,175 225,175 226,175 227,175 228,176 229,177 230,178 231,179 231,180 232,181 232,182 232,183 232,184 232,185 232,186 232,187 232,188 231,189 230,190 229,191 228,192 227,193 226,194 225,194 224,195 223,195 222,195 221,195 220,194 219,194 218,193 217,192 216,191 215,190 214,189 213,188 213,187 213,186 214,185 214,184 214,183 214,182 214,181 214,180 214,179 215,178 216,177 216,176 217,175 218,174 219,174
196,227 197,227 198,227 199,227 200,227 201,228 202,229 203,230 204,231 204,232 203,233 202,234 201,234 200,235 199,235 198,235 197,235 196,235 195,235 194,235 193,236 192,236 191,236 190,236 189,236 188,236 187,236 186,236 185,236 184,237 183,238 182,237 181,236 181,235 181,234 181,233 182,232 183,231 184,230 185,230 186,230 187,230 188,231 189,231 190,230 191,230 192,230 193,229 194,228 195,227
216,204 217,204 218,205 219,206 219,207 220,208 219,209 218,209 217,210 216,211 215,212 214,213 213,214 212,214 211,214 210,214 209,214 208,213 208,212 209,211 210,210 211,209 212,208 213,207 214,206 215,205
30,60 31,60 32,60 33,60 34,60 35,60 36,61 37,62 38,63 38,64 39,65 39,66 39,67 38,68 37,69 36,70 35,71 34,71 33,72 32,72 31,71 30,70 29,69 28,68 28,67 27,66 27,65 26,64 26,63 26,62 27,61 28,61 29,61
167,164 168,165 169,166 170,167 170,168 170,169 169,170 168,171 167,171 166,172 165,172 164,173 163,174 162,174 161,174 160,173 159,172 159,171 159,170 160,169 161,168 162,167 163,166 164,165 165,164 166,164
114,142 115,142 116,142 117,143 118,144 119,145 120,146 121,147 122,148 123,149 124,150 125,151 126,152 127,153 128,154 129,155 129,156 128,157 127,157 126,158 125,158 124,158 123,158 122,158 121,158 120,158 119,158 118,158 117,159 116,159 115,159 114,158 113,157 112,156 111,155 110,154 109,153 109,152 109,151 109,150 109,149 109,148 110,147 110,146 111,145 112,144 113,143
238,183 239,183 240,183 241,184 241,185 241,186 240,187 239,188 238,189 237,190 236,190 235,190 234,189 234,188 234,187 234,186 235,185 236,185 237,184
138,190 139,190 140,190 141,190 142,191 142,192 143,193 143,194 143,195 143,196 143,197 143,198 143,199 144,200 145,201 146,202 145,203 144,203 143,203 142,204 141,204 140,204 139,204 138,204 137,204 136,203 135,202 134,201 133,200 132,199 132,198 131,197 131,196 131,195 131,194 132,193 133,192 134,191 135,190 136,190 137,190
21,106 22,107 23,108 23,109 23,110 23,111 23,112 22,113 21,114 20,114 19,114 18,114 17,114 16,114 15,114 14,115 13,115 12,115 11,114 10,113 9,112 10,111 11,110 12,109 13,109 14,109 15,109 16,109 17,109 18,108 19,107 20,107
57,28 58,28 59,28 60,28 61,28 62,28 63,28 64,28 65,29 66,30 67,31 68,32 69,33 70,34 71,35 72,36 73,37 74,38 74,39 74,40 73,41 72,42 71,43 70,44 69,44 68,45 67,46 66,47 65,47 64,47 63,47 62,46 61,45 61,44 61,43 60,42 60,41 59,40 58,39 57,38 56,37 55,36 55,35 55,34 55,33 55,32 55,31 55,30 56,29
21,143 22,143 23,143 24,143 25,143 26,144 27,145 28,146 29,147 30,148 30,149 29,150 28,151 27,151 26,151 25,150 24,149 23,148 22,147 21,146 20,145 20,144
85,225 86,225 87,225 88,225 89,225 90,225 91,225 92,225 93,225 94,225 95,225 96,225 97,226 98,227 98,228 98,229 98,230 98,231 98,232 98,233 98,234 98,235 99,236 100,237 100,238 100,239 100,240 99,241 98,242 97,242 96,242 95,242 94,242 93,242 92,242 91,242 90,242 89,243 88,243 87,243 86,243 85,243 84,243 83,243 82,242 81,241 80,240 79,239 78,238 77,237 76,236 75,235 74,234 73,233 72,232 71,231 71,230 70,229 70,228 71,227 72,226 73,226 74,226 75,226 76,226 77,226 78,226 79,226 80,226 81,226 82,226 83,226 84,226
199,81 200,81 201,81 202,81 203,81 204,82 204,83 204,84 204,85 204,86 204,87 204,88 204,89 204,90 204,91 204,92 204,93 203,94 202,95 201,96 200,97 200,98 200,99 200,100 200,101 200,102 199,103 198,104 197,105 196,106 195,107 194,108 193,109 192,110 191,111 190,112 189,113 188,114 187,114 186,114 185,114 184,114 183,114 182,114 181,114 180,114 179,114 178,113 177,112 176,111 175,110 174,109 173,108 173,107 173,106 173,105 173,104 173,103 173,102 174,101 175,100 176,99 177,98 177,97 178,96 179,95 180,94 181,93 182,92 183,91 184,90 185,89 186,88 187,88 188,88 189,88 190,88 191,88 192,88 193,87 194,86 195,85 196,84 197,83 198,82
194,127 195,127 196,127 197,127 198,127 199,127 200,127 201,127 202,127 203,127 204,127 205,127 206,127 207,128 208,128 209,128 210,128 211,128 212,128 213,128 214,128 215,128 216,128 217,128 218,128 219,128 220,129 221,130 221,131 221,132 221,133 221,134 221,135 222,136 223,137 223,138 222,139 221,139 220,139 219,139 218,139 217,139 216,140 215,141 214,142 213,142 212,142 211,142 210,142 209,142 208,142 207,142 206,143 205,144 204,144 203,144 202,144 201,144 200,144 199,144 198,144 197,144 196,144 195,144 194,144 193,144 192,144 191,144 190,143 190,142 190,141 190,140 190,139 190,138 190,137 190,136 190,135 190,134 190,133 190,132 190,131 190,130 191,129 192,128 193,128
38,41 39,41 40,41 41,41 42,41 43,42 44,43 44,44 44,45 44,46 44,47 45,48 45,49 45,50 45,51 45,52 44,53 43,54 42,55 41,56 40,57 39,57 38,57 37,57 36,57 35,57 34,57 33,57 32,57 31,56 30,55 29,54 29,53 29,52 29,51 29,50 29,49 30,48 31,47 32,46 33,45 34,44 35,44 36,43 37,42
142,99 143,99 144,100 145,101 146,102 147,103 148,104 149,105 149,106 149,107 149,108 149,109 149,110 150,111 150,112 150,113 150,114 150,115 150,116 150,117 149,118 148,119 147,120 146,121 145,122 144,123 143,123 142,124 141,124 140,123 139,122 139,121 139,120 138,119 137,118 136,117 136,116 135,115 135,114 134,113 134,112 134,111 134,110 134,109 134,108 134,107 134,106 135,105 136,104 137,103 138,102 139,101 140,101 141,100
238,60 239,60 240,60 241,61 242,62 243,63 244,64 245,65 246,66 246,67 247,68 247,69 247,70 247,71 247,72 246,73 245,74 244,75 243,76 242,75 241,74 240,73 240,72 240,71 239,70 239,69 238,68 237,67 236,66 236,65 236,64 236,63 236,62 237,61
184,188 185,188 186,188 187,188 188,188 189,188 190,189 191,190 191,191 191,192 192,193 192,194 191,195 190,196 189,196 188,196 187,196 186,196 185,196 184,196 183,196 182,196 181,197 180,197 179,197 178,198 177,198 176,199 175,199 174,198 173,197 173,196 172,195 172,194 173,193 172,192 172,191 172,190 173,189 174,188 175,188 176,188 177,188 178,188 179,188 180,188 181,188 182,188 183,188
89,120 90,120 91,120 92,120 93,121 94,122 95,123 94,124 93,125 92,126 91,127 90,128 89,129 88,130 87,131 86,131 85,131 84,131 83,131 82,131 81,131 80,131 79,131 78,131 77,132 76,132 75,132 74,132 73,132 72,132 71,132 70,131 69,130 69,129 68,128 69,127 70,126 71,126 72,126 73,126 74,126 75,126 76,126 77,127 78,126 79,126 80,126 81,126 82,126 83,125 84,124 85,123 86,122 87,121 88,121
35,220 36,220 37,221 38,222 39,223 40,224 41,225 42,226 43,227 43,228 43,229 43,230 42,231 41,232 40,233 39,234 38,235 37,236 36,237 35,237 34,238 33,239 32,240 31,240 30,240 29,239 28,238 28,237 28,236 28,235 28,234 28,233 28,232 28,231 28,230 28,229 28,228 28,227 29,226 30,225 31,224 32,223 33,222 34,221
200,105 201,105 202,105 203,105 204,105 205,105 206,105 207,105 208,106 209,106 210,107 211,108 212,109 212,110 212,111 212,112 212,113 212,114 212,115 212,116 212,117 212,118 212,119 212,120 212,121 212,122 212,123 212,124 212,125 212,126 212,127 211,128 210,128 209,128 208,128 207,128 206,128 205,127 204,126 203,125 203,124 203,123 203,122 203,121 203,120 203,119 203,118 202,117 201,116 200,115 199,114 199,113 199,112 200,111 199,110 198,109 197,108 197,107 196,106 197,105 198,105 199,105
169,24 170,24 171,24 172,24 173,24 174,24 175,24 176,25 177,26 178,26 179,27 180,28 180,29 180,30 180,31 179,32 178,33 177,34 176,35 175,36 174,37 173,38 172,39 171,39 170,40 169,40 168,40 167,39 166,38 166,37 166,36 166,35 166,34 166,33 166,32 167,31 166,30 165,29 164,28 164,27 164,26 165,25 166,24 167,24 168,24
111,202 112,203 113,204 114,205 115,206 116,207 117,208 118,209 119,210 119,211 119,212 119,213 120,214 120,215 120,216 119,217 118,218 117,219 116,220 115,221 114,222 113,222 112,222 111,221 111,220 111,219 111,218 111,217 111,216 111,215 111,214 111,213 111,212 110,211 110,210 110,209 110,208 110,207 110,206 110,205 110,204 110,203
66,139 67,139 68,139 69,140 70,141 71,142 71,143 71,144 71,145 71,146 71,147 71,148 72,149 72,150 72,151 71,152 71,153 70,154 71,155 71,156 71,157 72,158 72,159 72,160 72,161 72,162 72,163 72,164 72,165 73,166 74,167 74,168 74,169 73,170 72,170 71,170 70,170 69,169 68,168 68,167 68,166 68,165 68,164 68,163 67,162 67,161 67,160 66,159 65,158 64,157 63,156 62,155 61,154 60,153 59,152 59,151 59,150 59,149 59,148 59,147 59,146 60,145 61,144 62,143 63,142 64,141 65,140
82,18 83,19 83,20 83,21 83,22 83,23 83,24 82,25 81,25 80,26 79,26 78,27 77,27 76,27 75,26 74,25 74,24 74,23 74,22 75,21 76,20 77,19 78,18 79,18 80,18 81,18
39,161 40,161 41,161 42,162 43,162 44,163 44,164 43,165 42,166 41,166 40,166 39,166 38,165 37,164 37,163 38,162
128,76 129,76 130,77 130,78 130,79 129,80 128,81 127,81 126,80 126,79 126,78 127,77
104,205 105,205 106,205 107,205 108,206 108,207 108,208 108,209 107,210 106,211 105,211 104,211 103,211 102,210 102,209 103,208 103,207 103,206
147,56 148,56 149,57 150,58 150,59 150,60 150,61 150,62 150,63 150,64 150,65 149,66 149,67 148,68 147,69 146,70 145,71 144,72 143,73 142,72 141,72 140,71 140,70 140,69 140,68 139,67 139,66 139,65 140,64 141,63 142,62 143,61 143,60 144,59 145,58 146,57
142,15 143,15 144,16 145,16 146,16 147,17 148,18 149,19 150,20 151,21 151,22 151,23 150,24 149,24 148,24 147,24 146,24 145,24 144,24 143,24 142,24 141,24 140,24 139,24 138,23 137,22 137,21 137,20 137,19 138,18 139,17 140,16 141,16
24,187 25,187 26,187 27,187 28,187 29,187 30,187 31,187 32,188 33,189 33,190 33,191 33,192 33,193 33,194 33,195 33,196 33,197 33,198 33,199 33,200 33,201 33,202 33,203 33,204 33,205 33,206 33,207 33,208 32,209 31,210 30,211 29,212 28,213 27,214 26,215 25,216 24,216 23,216 22,216 21,215 20,214 20,213 20,212 20,211 20,210 20,209 20,208 20,207 20,206 20,205 20,204 20,203 20,202 20,201 19,200 18,199 18,198 17,197 17,196 17,195 17,194 17,193 17,192 18,191 19,190 20,189 21,188 22,187 23,187
13,213 14,213 15,213 16,213 17,213 18,213 19,214 20,214 21,215 22,216 23,216 24,216 25,217 26,218 27,219 28,220 28,221 27,222 26,223 25,224 24,225 23,226 22,226 21,226 20,226 19,226 18,227 17,227 16,227 15,226 14,225 13,224 12,223 11,222 10,221 10,220 9,219 9,218 9,217 10,216 11,215 12,214
218,98 219,98 220,98 221,98 222,98 223,98 224,98 225,98 226,98 227,98 228,99 229,100 230,101 231,102 231,103 232,104 232,105 232,106 231,107 230,108 229,109 228,109 227,110 226,110 225,111 224,112 223,112 222,111 221,110 220,109 219,108 218,107 218,106 218,105 218,104 217,103 217,102 217,101 216,100 216,99 217,98
148,136 149,137 150,138 151,139 152,140 153,141 154,142 154,143 153,144 152,145 151,145 150,145 149,145 148,144 147,143 147,142 146,141 146,140 145,139 144,138 143,137 144,136 145,136 146,136 147,136
235,166 236,167 237,168 238,169 239,170 240,171 241,172 241,173 241,174 240,175 239,175 238,175 237,175 236,175 235,175 234,175 233,175 232,174 231,173 231,172 231,171 231,170 231,169 231,168 232,167 233,166 234,166
214,9 215,9 216,9 217,9 218,9 219,10 220,11 220,12 220,13 220,14 220,15 220,16 220,17 220,18 220,19 220,20 220,21 220,22 220,23 219,24 218,24 217,23 216,22 216,21 216,20 215,19 214,18 213,17 213,16 212,15 212,14 212,13 212,12 212,11 213,10
36,154 37,154 38,155 38,156 38,157 38,158 38,159 38,160 38,161 38,162 38,163 37,164 37,165 37,166 37,167 38,168 39,169 39,170 40,171 40,172 40,173 40,174 39,175 38,176 37,177 36,178 35,179 34,180 33,180 32,180 31,180 30,180 29,179 28,179 27,178 26,177 26,176 26,175 27,174 27,173 27,172 27,171 27,170 27,169 27,168 27,167 27,166 27,165 27,164 27,163 28,162 29,161 30,160 31,159 32,158 33,157 34,156 35,155
172,216 173,216 174,216 175,217 176,218 177,219 178,220 179,221 180,222 181,223 181,224 181,225 181,226 181,227 181,228 181,229 181,230 181,231 181,232 181,233 181,234 181,235 181,236 181,237 180,238 179,239 178,240 177,241 176,242 175,243 174,244 173,244 172,244 171,243 171,242 170,241 170,240 170,239 170,238 170,237 170,236 170,235 169,234 169,233 169,232 168,231 167,230 166,229 165,228 165,227 165,226 165,225 165,224 165,223 165,222 166,221 167,220 168,219 169,218 170,217 171,216
132,139 133,140 134,141 134,142 134,143 134,144 134,145 134,146 134,147 133,148 132,149 131,150 130,150 129,149 128,148 128,147 127,146 127,145 127,144 128,143 129,142 130,141 131,140
223,77 224,77 225,77 226,77 227,77 228,77 229,77 230,77 231,77 232,78 233,79 233,80 232,81 231,82 230,82 229,83 228,83 227,83 226,83 225,84 224,85 223,86 222,87 221,88 220,89 219,89 218,89 217,89 216,89 215,88 214,87 214,86 214,85 215,84 216,83 217,82 218,81 219,80 220,79 221,78 222,77
6,2 7,2 8,2 9,2 10,2 11,3 12,3 13,3 14,3 15,3 16,3 17,3 18,3 19,3 20,3 21,3 22,3 23,3 24,3 25,3 26,3 27,3 28,4 29,4 30,4 31,4 32,4 33,4 34,4 35,4 36,5 37,6 38,7 39,8 40,9 41,10 42,11 43,12 44,13 44,14 44,15 44,16 44,17 43,18 42,19 42,20 41,21 40,22 39,23 38,24 37,25 36,26 35,27 34,28 33,29 32,30 31,30 30,30 29,30 28,30 27,30 26,31 25,32 24,32 23,32 22,32 21,32 20,33 19,34 18,35 17,36 16,37 15,38 14,38 13,38 12,38 11,38 10,38 9,38 8,38 7,38 6,38 5,38 4,37 3,36 3,35 3,34 3,33 3,32 3,31 3,30 3,29 3,28 3,27 4,26 4,25 4,24 4,23 4,22 4,21 4,20 4,19 4,18 4,17 4,16 4,15 4,14 4,13 4,12 3,11 3,10 3,9 3,8 3,7 3,6 2,5 2,4 3,3 4,2 5,2
163,99 164,99 165,99 166,99 167,99 168,100 169,101 168,102 167,103 166,104 165,105 164,106 163,107 162,108 161,109 160,110 159,111 158,112 157,113 156,113 155,112 155,111 155,110 155,109 155,108 155,107 155,106 155,105 156,104 157,103 158,102 159,101 160,101 161,100 162,100
86,220 87,221 86,222 85,221
118,225 119,225 120,226 121,227 122,228 122,229 122,230 122,231 122,232 122,233 122,234 122,235 122,236 122,237 122,238 121,239 120,240 119,241 118,242 117,243 116,244 115,245 114,246 113,246 112,245 111,244 111,243 111,242 111,241 111,240 111,239 111,238 111,237 111,236 111,235 111,234 112,233 112,232 112,231 112,230 113,229 114,228 115,227 116,226 117,225
102,171 103,171 104,172 105,173 104,174 103,174 102,175 101,175 100,175 99,174 100,173 101,172
17,200 18,201 17,202 16,201
92,145 93,146 94,147 95,148 95,149 95,150 96,151 97,152 98,153 98,154 98,155 99,156 100,157 100,158 101,159 102,160 103,161 104,162 105,163 105,164 104,165 103,166 102,166 101,166 100,166 99,166 98,166 97,166 96,166 95,166 94,167 93,166 92,165 91,164 90,163 89,162 89,161 89,160 89,159 89,158 89,157 89,156 89,155 89,154 89,153 89,152 89,151 89,150 89,149 89,148 90,147 91,146
1,62 2,63 3,64 4,65 5,66 5,67 4,68 3,69 2,70 1,70 0,69 0,68 0,67 0,66 0,65 0,64 0,63
173,26 174,27 173,28 172,27
237,219 238,219 239,219 240,219 241,219 242,219 243,219 244,219 245,219 246,220 247,221 248,222 248,223 248,224 248,225 248,226 247,227 246,228 245,229 244,230 243,231 242,231 241,232 240,232 239,232 238,232 237,232 236,232 235,232 234,232 233,233 232,234 231,235 230,235 229,235 228,234 227,233 226,232 225,231 225,230 225,229 225,228 226,227 227,226 228,226 229,226 230,226 231,225 232,224 233,223 234,222 235,221 236,220
126,63 127,64 128,64 129,64 130,64 131,64 132,65 133,66 134,67 135,68 135,69 135,70 135,71 134,72 133,72 132,72 131,72 130,72 129,72 128,72 127,72 126,72 125,72 124,73 123,73 122,72 122,71 122,70 122,69 122,68 122,67 122,66 123,65 124,64 125,63
45,85 46,85 47,85 48,85 49,86 50,86 51,86 52,86 53,86 54,87 55,88 55,89 55,90 55,91 55,92 55,93 55,94 55,95 55,96 55,97 55,98 55,99 55,100 55,101 55,102 55,103 55,104 55,105 55,106 55,107 55,108 55,109 54,110 53,111 52,112 51,113 50,113 49,113 48,113 47,113 46,112 45,111 44,110 43,109 42,108 41,107 40,106 39,105 38,104 37,103 36,102 35,101 34,100 33,99 32,98 32,97 32,96 32,95 32,94 32,93 32,92 32,91 33,90 34,89 35,88 36,87 37,87 38,87 39,87 40,87 41,87 42,87 43,87 44,86
48,14 49,14 50,14 51,15 52,16 53,17 53,18 53,19 52,20 51,20 50,20 49,20 48,19 47,18 47,17 47,16 47,15
203,31 204,31 205,31 206,31 207,31 208,31 209,31 210,31 211,31 212,31 213,32 214,32 215,32 216,33 217,34 218,35 218,36 218,37 218,38 218,39 218,40 218,41 218,42 218,43 218,44 218,45 218,46 217,47 216,48 215,49 214,50 213,51 212,52 211,53 210,53 209,53 208,53 207,52 206,51 205,50 204,49 203,48 203,47 202,46 202,45 202,44 201,43 201,42 201,41 201,40 201,39 201,38 201,37 200,36 199,35 198,34 198,33 199,32 200,31 201,31 202,31
122,136 123,136 124,137 125,138 125,139 125,140 125,141 125,142 124,143 123,143 122,143 121,143 120,142 119,141 118,140 118,139 119,138 120,137 121,137
95,73 96,74 95,75 94,74
23,32 24,33 23,34 22,33
152,107 153,108 152,109 151,108
171,171 172,172 171,173 170,172
185,212 186,213 185,214 184,213
236,135 237,135 238,135 239,136 239,137 239,138 239,139 239,140 239,141 239,142 240,143 241,144 242,145 243,146 243,147 243,148 242,149 241,150 240,150 239,150 238,150 237,150 236,151 235,152 234,152 233,152 232,152 231,152 230,151 229,151 228,150 227,149 226,148 226,147 225,146 225,145 225,144 225,143 225,142 226,141 227,140 228,139 229,138 230,137 231,136 232,136 233,136 234,136 235,136
50,44 51,45 52,46 53,47 54,48 55,49 56,50 56,51 56,52 56,53 56,54 56,55 56,56 56,57 56,58 55,59 54,60 53,61 52,61 51,62 50,62 49,62 48,63 47,63 46,63 45,63 44,63 43,62 43,61 43,60 43,59 43,58 43,57 43,56 43,55 43,54 43,53 43,52 43,51 44,50 45,49 46,48 47,47 48,46 49,45
146,167 147,167 148,167 149,167 150,167 151,167 152,168 152,169 152,170 152,171 152,172 152,173 152,174 152,175 152,176 152,177 152,178 152,179 152,180 152,181 152,182 152,183 152,184 152,185 152,186 152,187 151,188 150,189 149,190 148,191 147,192 146,192 145,193 144,192 144,191 144,190 144,189 144,188 144,187 144,186 144,185 144,184 143,183 142,182 141,181 141,180 141,179 141,178 141,177 141,176 141,175 141,174 142,173 143,172 143,171 143,170 144,169 145,168
178,115 179,115 180,116 181,117 181,118 180,119 179,120 178,121 177,121 176,121 175,121 174,121 173,121 172,121 171,121 170,121 169,120 169,119 169,118 170,117 171,116 172,116 173,116 174,116 175,116 176,116 177,116
104,38 105,39 106,40 106,41 106,42 106,43 106,44 107,45 107,46 107,47 107,48 107,49 107,50 107,51 106,52 105,52 104,52 103,53 102,54 101,54 100,54 99,54 98,54 97,54 96,54 95,54 94,54 93,53 92,52 91,51 90,50 90,49 90,48 91,47 92,47 93,47 94,47 95,46 96,45 97,44 98,43 99,42 100,41 101,40 102,39 103,39
87,110 88,110 89,110 90,110 91,111 92,112 92,113 92,114 91,115 90,115 89,115 88,116 87,116 86,117 85,118 84,118 83,117 82,116 82,115 82,114 83,113 84,112 85,111 86,110
198,9 199,10 200,11 201,12 201,13 202,14 202,15 203,16 204,17 204,18 203,19 202,20 201,20 200,20 199,20 198,20 197,19 196,18 196,17 196,16 196,15 196,14 196,13 196,12 196,11 196,10 197,9
131,27 132,27 133,28 134,29 134,30 134,31 134,32 134,33 134,34 133,35 132,36 131,36 130,36 129,36 128,36 127,35 126,35 125,35 124,35 123,35 122,35 121,34 120,33 120,32 120,31 121,30 122,30 123,29 124,29 125,29 126,29 127,29 128,28 129,27 130,27
165,143 166,143 167,143 168,144 169,144 170,144 171,144 172,144 173,144 174,144 175,144 176,145 177,146 178,147 179,148 180,149 180,150 180,151 179,152 178,153 177,153 176,153 175,153 174,153 173,153 172,153 171,153 170,153 169,153 168,153 167,153 166,152 165,151 164,150 163,149 163,148 163,147 163,146 162,145 162,144 163,143 164,143
182,238 183,238 184,239 185,240 185,241 185,242 184,243 183,244 182,244 181,244 180,243 180,242 180,241 180,240 181,239
10,70 11,70 12,70 13,70 14,71 15,72 16,73 17,74 18,75 18,76 18,77 17,78 16,78 15,79 14,79 13,80 12,80 11,80 10,80 9,80 8,80 7,80 6,79 5,78 5,77 5,76 5,75 6,74 7,73 8,72 9,71
189,244 190,245 189,246 188,245
78,209 79,209 80,209 81,210 81,211 81,212 81,213 81,214 81,215 81,216 81,217 81,218 81,219 81,220 80,221 79,222 78,223 77,223 76,222 75,221 74,220 73,219 72,218 71,217 71,216 71,215 71,214 71,213 71,212 72,211 73,210 74,210 75,210 76,210 77,210
162,67 163,67 164,67 165,67 166,67 167,67 168,67 169,67 170,67 171,67 172,68 173,69 174,70 175,71 176,72 177,72 178,72 179,72 180,73 181,74 182,75 183,76 184,77 184,78 184,79 185,80 185,81 185,82 185,83 185,84 184,85 183,86 182,87 181,88 180,89 179,90 178,91 177,91 176,91 175,90 174,89 173,88 172,87 171,86 170,85 169,84 168,83 167,82 166,81 166,80 165,79 164,78 163,77 163,76 163,75 163,74 162,73 161,72 161,71 160,70 160,69 161,68
212,146 213,147 214,148 213,149 212,150 211,150 210,150 209,150 208,149 207,148 206,147 207,146 208,146 209,146 210,146 211,146
153,93 154,93 155,94 154,95 153,95 152,94
110,105 111,105 112,105 113,106 114,107 115,108 115,109 115,110 115,111 115,112 115,113 115,114 115,115 115,116 115,117 116,118 117,119 118,120 119,121 120,122 121,123 121,124 121,125 120,126 119,126 118,127 117,127 116,127 115,127 114,127 113,126 112,125 111,125 110,124 109,123 109,122 109,121 109,120 109,119 109,118 109,117 109,116 109,115 109,114 108,113 107,112 106,111 106,110 106,109 106,108 106,107 107,106 108,105 109,105
13,138 14,139 15,140 15,141 16,142 17,143 18,144 19,145 20,146 21,147 21,148 21,149 21,150 21,151 21,152 21,153 21,154 21,155 21,156 21,157 21,158 21,159 21,160 21,161 21,162 21,163 21,164 22,165 22,166 22,167 22,168 21,169 20,169 19,169 18,169 17,169 16,169 15,168 14,167 13,166 12,165 12,164 11,163 11,162 11,161 11,160 11,159 11,158 11,157 11,156 10,155 9,154 9,153 8,152 8,151 8,150 8,149 8,148 8,147 8,146 8,145 8,144 8,143 8,142 9,141 10,140 11,139 12,138
120,129 121,129 122,130 121,131 120,131 119,130
54,156 55,156 56,156 57,156 58,157 59,158 60,159 61,160 62,161 63,162 63,163 63,164 63,165 63,166 63,167 64,168 65,169 66,170 66,171 66,172 66,173 66,174 66,175 66,176 65,177 64,176 63,176 62,175 61,174 61,173 61,172 60,171 60,170 60,169 59,168 58,167 57,166 56,165 56,164 55,163 54,162 53,161 53,160 52,159 52,158 53,157
45,234 46,234 47,234 48,234 49,234 50,235 51,236 52,237 53,238 54,239 53,240 52,241 51,241 50,241 49,242 48,242 47,242 46,242 45,242 44,242 43,242 42,242 41,241 40,240 39,239 39,238 39,237 40,236 41,235 42,235 43,235 44,235
97,201 98,202 97,203 96,202
178,41 179,42 179,43 180,44 181,45 181,46 181,47 180,48 179,48 178,49 177,49 176,50 175,51 174,52 173,53 172,53 171,54 170,54 169,53 168,52 168,51 168,50 168,49 168,48 169,47 170,46 171,46 172,46 173,46 174,45 175,44 176,43 177,42
140,3 141,3 142,4 143,5 143,6 143,7 143,8 142,9 141,9 140,9 139,9 138,9 137,9 136,8 136,7 136,6 137,5 138,4 139,3
177,210 178,210 179,210 180,211 181,212 181,213 180,214 179,214 178,214 177,213 176,212 176,211
118,86 119,86 120,87 120,88 120,89 120,90 119,91 118,92 117,93 116,94 115,95 114,96 113,97 112,98 111,99 110,100 109,101 108,102 107,103 106,104 105,105 104,105 103,104 103,103 103,102 102,101 102,100 103,99 104,98 105,97 106,96 107,95 108,94 109,94 110,93 111,92 112,91 113,90 114,89 115,89 116,88 117,87
179,62 180,62 181,62 182,62 183,62 184,62 185,62 186,62 187,62 188,62 189,62 190,62 191,62 192,63 193,64 194,65 195,66 196,67 196,68 196,69 196,70 195,71 194,72 193,72 192,72 191,72 190,72 189,72 188,72 187,72 186,72 185,72 184,72 183,72 182,72 181,71 180,70 179,69 178,68 178,67 177,66 177,65 177,64 177,63 178,62
201,212 202,212 203,212 204,212 205,212 206,213 207,214 207,215 207,216 207,217 207,218 206,219 205,220 204,220 203,220 202,220 201,220 200,220 199,220 198,221 197,222 196,222 195,223 194,224 193,224 192,224 191,224 190,224 189,223 188,222 187,221 186,220 185,219 184,218 184,217 184,216 184,215 185,214 186,213 187,213 188,213 189,213 190,213 191,213 192,213 193,213 194,213 195,213 196,213 197,213 198,213 199,213 200,213
35,182 36,182 37,182 38,182 39,182 40,182 41,183 41,184 42,185 43,186 43,187 44,188 44,189 44,190 44,191 43,192 42,193 41,193 40,193 39,193 38,193 37,193 36,192 35,191 34,190 33,189 32,188 32,187 32,186 32,185 33,184 34,183
202,179 203,179 204,179 205,179 206,180 207,181 208,182 207,183 206,184 205,185 204,186 203,187 202,188 201,189 200,189 199,189 198,188 197,187 197,186 197,185 197,184 198,183 199,182 200,181 201,180
206,238 207,238 208,238 209,239 209,240 210,241 211,242 211,243 211,244 211,245 211,246 210,247 209,248 208,249 207,249 206,249 205,249 204,249 203,249 202,249 201,249 200,249 199,249 198,249 197,249 196,248 196,247 197,246 198,245 199,244 200,243 201,243 202,242 203,241 204,240 205,239
140,185 141,186 140,187 139,186
109,192 110,192 111,192 112,193 112,194 112,195 112,196 111,197 110,198 109,199 108,200 107,200 106,200 105,200 104,200 103,200 102,200 101,200 100,200 99,200 98,200 97,200 96,199 95,198 94,197 94,196 95,195 96,194 97,194 98,194 99,194 100,194 101,194 102,194 103,194 104,194 105,195 106,194 107,193 108,193
107,173 108,174 107,175 106,174
69,240 70,241 69,242 68,242 67,242 66,241 67,240 68,240
126,4 127,4 128,4 129,5 130,5 131,5 132,5 133,5 134,6 135,7 136,8 137,9 137,10 137,11 136,12 135,13 134,13 133,13 132,13 131,13 130,13 129,13 128,12 127,11 126,10 125,9 124,8 123,7 124,6 125,5
85,29 86,30 86,31 86,32 86,33 85,34 84,35 83,35 82,34 82,33 82,32 83,31 84,30
200,56 201,56 202,56 203,56 204,56 205,56 206,56 207,57 208,58 209,59 209,60 210,61 210,62 210,63 210,64 210,65 211,66 212,67 213,68 214,69 215,70 216,71 217,72 217,73 218,74 219,75 218,76 217,77 216,78 215,79 214,80 213,81 212,82 211,82 210,82 209,82 208,81 207,80 206,79 206,78 205,77 205,76 204,75 203,74 202,73 201,72 200,71 200,70 200,69 200,68 200,67 200,66 200,65 199,64 198,63 198,62 198,61 198,60 198,59 198,58 198,57 199,56
13,169 14,170 15,171 16,172 17,173 18,174 19,175 19,176 19,177 19,178 20,179 21,180 21,181 21,182 21,183 21,184 20,185 19,186 18,186 17,186 16,187 15,187 14,187 13,186 12,185 11,184 10,183 9,182 8,181 8,180 8,179 8,178 8,177 8,176 8,175 8,174 8,173 9,172 10,171 11,170 12,169
145,238 146,238 147,238 148,239 149,240 150,241 151,242 152,243 152,244 152,245 151,246 150,247 149,248 148,249 147,249 146,249 145,249 144,249 143,249 142,248 141,247 140,246 140,245 140,244 140,243 141,242 142,241 143,240 144,239
