13,20 14,21 14,22 14,23 14,24 14,25 13,26 12,27 11,27 10,27 9,27 8,28 7,28 6,28 5,27 4,26 4,25 5,24 6,23 7,22 8,21 9,21 10,20 11,20 12,20
12,9 13,10 12,11 11,10
1,47 2,48 3,49 3,50 2,51 1,52 0,51 0,50 0,49 0,48
10,95 11,96 10,97 9,96
69,64 70,64 71,64 72,64 73,64 74,65 75,65 76,66 77,67 78,68 79,69 80,70 81,71 82,71 83,72 83,73 83,74 82,75 81,76 80,77 79,78 78,79 77,80 76,80 75,81 74,81 73,81 72,81 71,81 70,81 69,80 68,79 67,78 66,77 66,76 66,75 67,74 66,73 66,72 66,71 66,70 66,69 65,68 65,67 65,66 66,65 67,64 68,64
17,44 18,45 19,46 19,47 19,48 20,49 20,50 20,51 20,52 20,53 20,54 20,55 21,56 21,57 22,58 22,59 23,60 23,61 23,62 23,63 23,64 23,65 23,66 24,67 24,68 23,69 22,69 21,69 20,70 19,71 18,70 18,69 17,68 17,67 17,66 17,65 17,64 17,63 17,62 17,61 16,60 16,59 15,58 15,57 15,56 15,55 14,54 13,53 12,52 11,51 10,50 9,49 8,48 9,47 10,46 11,46 12,46 13,46 14,45 15,45 16,44
13,83 14,83 15,84 14,85 13,85 12,84
43,78 44,78 45,78 46,78 47,78 48,79 49,79 50,80 51,80 52,80 53,79 54,79 55,79 56,79 57,79 58,79 59,79 60,79 61,80 61,81 61,82 61,83 61,84 61,85 61,86 61,87 61,88 60,89 59,90 58,90 57,90 56,90 55,90 54,90 53,90 52,90 51,90 50,90 49,90 48,90 47,90 46,90 45,89 44,88 43,87 42,86 41,85 41,84 40,83 40,82 40,81 41,80 42,79
29,68 30,69 29,70 28,70 27,69 28,68
91,65 92,65 93,65 94,66 94,67 94,68 93,69 92,70 91,71 90,71 89,70 88,69 88,68 88,67 89,66 90,65
17,4 18,5 17,6 16,5
57,40 58,41 57,42 56,41
23,23 24,23 25,24 25,25 25,26 25,27 25,28 25,29 26,30 25,31 24,31 23,31 22,31 21,31 20,30 20,29 20,28 20,27 20,26 21,25 22,24
13,90 14,90 15,90 16,91 17,92 18,93 18,94 18,95 19,96 20,97 20,98 19,99 18,99 17,99 16,99 15,98 14,97 13,96 12,95 11,94 11,93 12,92 12,91
58,94 59,95 59,96 59,97 59,98 58,99 57,99 56,99 55,99 54,99 53,98 53,97 54,96 55,95 56,94 57,94
59,45 60,46 60,47 60,48 61,49 62,50 63,51 64,52 64,53 65,54 65,55 65,56 65,57 65,58 64,59 63,60 62,61 61,60 60,59 59,58 58,57 58,56 57,55 57,54 57,53 57,52 57,51 56,50 55,49 55,48 55,47 56,46 57,45 58,45
81,55 82,55 83,55 84,56 85,57 85,58 85,59 85,60 84,61 83,62 82,63 81,64 80,64 79,64 78,65 77,65 76,65 75,65 74,65 73,64 72,63 72,62 71,61 72,60 73,60 74,60 75,60 76,60 77,59 78,58 79,57 80,56
42,45 43,46 44,47 44,48 44,49 43,50 42,50 41,50 40,50 39,49 38,48 37,47 38,46 39,46 40,45 41,45
23,82 24,82 25,82 26,82 27,82 28,82 29,82 30,82 31,82 32,83 33,84 33,85 33,86 33,87 32,88 31,89 30,90 29,91 28,92 27,93 26,94 25,94 24,94 23,94 22,93 21,92 20,91 20,90 20,89 20,88 20,87 20,86 20,85 20,84 21,83 22,82
93,72 94,72 95,72 96,72 97,72 98,72 99,73 99,74 99,75 99,76 99,77 99,78 99,79 99,80 99,81 99,82 98,83 97,84 96,85 95,86 94,87 93,88 92,89 91,89 90,89 89,89 88,89 87,88 87,87 87,86 87,85 87,84 87,83 87,82 87,81 87,80 86,79 86,78 85,77 84,76 85,75 86,75 87,74 88,73 89,73 90,73 91,73 92,72
89,35 90,35 91,35 92,36 93,37 93,38 93,39 92,40 91,41 90,42 89,42 88,41 87,40 87,39 86,38 87,37 88,36
29,74 30,75 29,76 28,75
71,0 72,0 73,0 74,0 75,0 76,0 77,0 78,0 79,0 80,1 80,2 80,3 80,4 80,5 80,6 80,7 80,8 80,9 80,10 80,11 81,12 82,13 82,14 81,15 80,15 79,15 78,15 77,15 76,15 75,15 74,15 73,15 72,15 71,15 70,15 69,15 68,14 67,13 67,12 67,11 67,10 67,9 66,8 66,7 65,6 64,5 63,4 62,3 61,2 60,1 61,0 62,0 63,0 64,0 65,0 66,0 67,0 68,0 69,0 70,0
5,0 6,0 7,0 8,0 9,1 10,2 10,3 10,4 10,5 10,6 9,7 8,8 7,9 6,10 5,11 4,12 4,13 3,14 2,15 1,16 0,15 0,14 0,13 0,12 0,11 0,10 0,9 0,8 0,7 0,6 0,5 0,4 0,3 0,2 0,1 1,0 2,0 3,0 4,0
38,43 39,44 38,45 37,44
45,64 46,64 47,64 48,64 49,64 50,64 51,64 52,65 53,66 54,67 55,68 56,69 57,70 58,71 58,72 59,73 59,74 59,75 59,76 58,77 57,77 56,77 55,77 54,78 53,79 52,80 51,80 50,80 49,80 48,79 47,78 46,77 45,76 45,75 44,74 44,73 44,72 44,71 44,70 44,69 43,68 43,67 43,66 44,65
71,41 72,42 73,43 74,44 74,45 74,46 73,47 72,48 71,48 70,49 69,50 68,51 67,51 66,50 66,49 66,48 66,47 66,46 66,45 67,44 68,43 69,43 70,42
69,85 70,86 69,87 68,86
47,19 48,20 49,21 48,22 47,22 46,21 46,20
50,21 51,21 52,21 53,21 54,21 55,21 56,22 56,23 57,24 58,25 59,26 60,27 60,28 60,29 60,30 60,31 60,32 60,33 59,34 58,35 57,36 56,36 55,36 54,36 53,36 52,36 51,35 51,34 51,33 51,32 51,31 51,30 51,29 51,28 51,27 51,26 50,25 49,24 49,23 48,22 49,21
32,0 33,0 34,0 35,0 36,0 37,0 38,1 38,2 38,3 38,4 38,5 38,6 38,7 38,8 38,9 38,10 38,11 38,12 38,13 38,14 38,15 38,16 38,17 39,18 39,19 39,20 40,21 41,22 41,23 41,24 41,25 41,26 41,27 41,28 40,29 39,30 38,31 37,31 36,32 35,32 34,31 34,30 34,29 34,28 34,27 34,26 34,25 34,24 34,23 34,22 34,21 34,20 34,19 34,18 33,17 32,16 31,15 31,14 31,13 31,12 30,11 29,10 29,9 28,8 27,7 26,6 27,5 28,4 29,3 30,2 30,1 31,0
90,57 91,58 90,59 89,58
10,9 11,10 12,11 12,12 13,13 12,14 11,15 10,16 9,15 8,14 7,13 7,12 7,11 8,10 9,9
17,35 18,36 19,37 20,38 20,39 20,40 20,41 19,42 18,43 17,44 16,44 15,43 14,42 13,41 12,40 12,39 13,38 14,37 15,37 16,36
33,40 34,40 35,40 36,41 37,42 37,43 37,44 38,45 38,46 37,47 36,48 35,49 34,50 33,50 32,51 31,52 30,53 29,54 28,54 27,54 26,54 25,53 24,52 23,51 23,50 23,49 23,48 23,47 23,46 24,45 25,44 26,44 27,43 28,43 29,43 30,43 31,42 32,41
8,82 9,82 10,83 11,84 12,85 12,86 12,87 11,88 10,88 9,88 8,89 7,89 6,89 5,89 4,89 3,88 2,87 1,86 0,85 0,84 0,83 1,82 2,82 3,82 4,82 5,82 6,83 7,83
3,88 4,89 4,90 4,91 4,92 4,93 4,94 4,95 4,96 3,97 2,98 1,99 0,98 0,97 0,96 0,95 0,94 0,93 0,92 0,91 1,90 2,89
2,72 3,72 4,72 5,73 6,74 7,75 7,76 6,77 5,77 4,77 3,77 2,77 1,77 0,76 0,75 0,74 0,73 1,72
98,88 99,89 99,90 99,91 99,92 98,93 97,93 96,93 95,92 94,91 94,90 95,89 96,88 97,88
44,94 45,95 44,96 43,95
30,30 31,31 32,32 33,33 33,34 33,35 33,36 32,37 31,38 30,39 29,39 28,40 27,40 26,40 25,39 25,38 25,37 25,36 25,35 25,34 25,33 26,32 27,31 28,31 29,31
9,72 10,72 11,72 12,73 13,74 14,75 13,76 12,77 11,78 10,78 9,77 8,76 7,75 7,74 8,73
98,0 99,1 99,2 99,3 98,4 97,3 96,2 95,1 96,0 97,0
64,19 65,19 66,19 67,19 68,19 69,19 70,20 71,21 72,22 73,22 74,23 75,24 76,25 77,26 78,27 78,28 78,29 77,30 76,31 75,32 74,33 73,34 72,35 71,35 70,35 69,35 68,34 67,33 66,32 65,31 65,30 64,29 63,28 63,27 63,26 62,25 61,24 61,23 61,22 61,21 61,20 62,19 63,19
20,14 21,15 20,16 19,15
31,95 32,95 33,96 34,97 34,98 33,99 32,99 31,99 30,99 29,99 28,98 28,97 28,96 29,95 30,95
25,14 26,14 27,14 28,14 29,15 29,16 29,17 29,18 28,19 27,20 26,21 25,21 24,20 23,19 22,18 22,17 22,16 23,15 24,15
89,18 90,19 91,20 92,21 92,22 92,23 91,24 90,25 89,25 88,25 87,25 86,25 85,25 84,24 83,23 82,22 81,21 81,20 82,19 83,18 84,18 85,18 86,18 87,18 88,18
42,55 43,56 43,57 43,58 43,59 42,60 41,61 40,60 39,59 39,58 40,57 41,56
98,21 99,22 99,23 99,24 99,25 99,26 99,27 98,28 97,28 96,27 95,26 95,25 95,24 96,23 97,22
